

building world...
creating intersections...
intersections created.
parsing roads...
roads parsed.
world built.
DQNNet(
  (dense_1): Linear(in_features=20, out_features=20, bias=True)
  (dense_2): Linear(in_features=20, out_features=20, bias=True)
  (dense_3): Linear(in_features=20, out_features=8, bias=True)
)
2024-08-06 13:13:16 (INFO): step:3600/3600, q_loss:0, rewards:-4044.553125, queue:56.809953703703705, delay:0.2959494979293258, throughput:5264
2024-08-06 13:13:16 (INFO): episode:0/200, real avg travel time:706.4027005559968
building world...
creating intersections...
intersections created.
parsing roads...
roads parsed.
world built.
MYYFRAP(
  (p): Embedding(2, 4)
  (d): Linear(in_features=1, out_features=4, bias=True)
  (lane_embedding): Linear(in_features=8, out_features=16, bias=True)
  (lane_conv): Conv2d(32, 20, kernel_size=(1, 1), stride=(1, 1))
  (relation_embedding): Embedding(2, 4)
  (relation_conv): Conv2d(4, 20, kernel_size=(1, 1), stride=(1, 1))
  (hidden_layer): Conv2d(20, 20, kernel_size=(1, 1), stride=(1, 1))
  (before_merge): Conv2d(20, 1, kernel_size=(1, 1), stride=(1, 1))
)
2024-08-06 13:14:54 (INFO): step:3600/3600, q_loss:0, rewards:-263.5786458333333, queue:60.59351851851852, delay:0.29384033768265333, throughput:5138
2024-08-06 13:14:55 (INFO): episode:0/200, real avg travel time:744.5046862589356
2024-08-06 13:20:23 (INFO): Test step:0/200, travel time :1368.6379666401906, rewards:-12995.802777777777, queue:140.86666666666667, delay:0.42482296978985823, throughput:2830
2024-08-06 13:24:54 (INFO): step:3600/3600, q_loss:0, rewards:-3901.461111111111, queue:59.45300925925926, delay:0.29454543502242475, throughput:5138
2024-08-06 13:24:54 (INFO): episode:1/200, real avg travel time:750.1809372517871
2024-08-06 13:28:00 (INFO): Test step:0/200, travel time :1268.9906274821287, rewards:-565.008203125, queue:129.38055555555556, delay:0.3943984137641059, throughput:3189
2024-08-06 13:31:21 (INFO): Test step:1/200, travel time :1368.6379666401906, rewards:-12995.802777777777, queue:140.86666666666667, delay:0.42482296978985823, throughput:2830
2024-08-06 13:35:59 (INFO): step:3600/3600, q_loss:0, rewards:-240.12827690972222, queue:57.6400462962963, delay:0.29365392614293984, throughput:5191
2024-08-06 13:35:59 (INFO): episode:1/200, real avg travel time:718.1240667196188
2024-08-06 13:38:18 (INFO): step:3600/3600, q_loss:63971.55859375, rewards:-4139.090277777777, queue:67.52175925925926, delay:0.31984967832212097, throughput:4995
2024-08-06 13:38:18 (INFO): episode:2/200, real avg travel time:764.5367752184274
2024-08-06 13:45:07 (INFO): Test step:2/200, travel time :1482.484511517077, rewards:-13632.886111111111, queue:151.08356481481482, delay:0.41431251808449077, throughput:2373
2024-08-06 13:48:30 (INFO): Test step:1/200, travel time :1268.9906274821287, rewards:-565.008203125, queue:129.38055555555556, delay:0.3943984137641059, throughput:3189
2024-08-06 14:05:02 (INFO): step:3600/3600, q_loss:63756.81640625, rewards:-9544.640277777778, queue:128.69467592592594, delay:0.42638103343822337, throughput:3701
2024-08-06 14:05:02 (INFO): episode:3/200, real avg travel time:1286.7548848292295
2024-08-06 14:12:33 (INFO): Test step:3/200, travel time :1439.4803812549642, rewards:-11421.68888888889, queue:157.7576388888889, delay:0.45938147085684317, throughput:2947
2024-08-06 14:32:12 (INFO): step:3600/3600, q_loss:37351.30859375, rewards:-8219.959722222222, queue:129.1571759259259, delay:0.44496948807327835, throughput:4140
2024-08-06 14:32:12 (INFO): episode:4/200, real avg travel time:1219.791262907069
2024-08-06 14:39:01 (INFO): Test step:4/200, travel time :1316.3256552819698, rewards:-10407.149305555555, queue:131.12615740740742, delay:0.46319786354347514, throughput:3151
2024-08-06 15:01:31 (INFO): step:3600/3600, q_loss:27849.27734375, rewards:-8765.488194444444, queue:121.04884259259259, delay:0.44940035784686055, throughput:3892
2024-08-06 15:01:32 (INFO): episode:5/200, real avg travel time:1192.5247021445591
2024-08-06 15:09:42 (INFO): Test step:5/200, travel time :1324.1612390786338, rewards:-8624.236805555556, queue:135.95231481481483, delay:0.4602390148021557, throughput:3506
2024-08-06 15:31:53 (INFO): step:3600/3600, q_loss:39479.58984375, rewards:-6565.122916666666, queue:115.60694444444445, delay:0.4530627497920284, throughput:4193
2024-08-06 15:31:53 (INFO): episode:6/200, real avg travel time:1163.6169976171566
2024-08-06 15:37:49 (INFO): Test step:6/200, travel time :1320.0354249404288, rewards:-10948.292361111111, queue:140.8310185185185, delay:0.45926055908203123, throughput:3227
2024-08-06 16:12:33 (INFO): step:3600/3600, q_loss:120.27477264404297, rewards:-270.13585069444446, queue:63.1099537037037, delay:0.31043788768627023, throughput:5000
2024-08-06 16:12:34 (INFO): episode:2/200, real avg travel time:732.9788721207308
2024-08-06 16:15:17 (INFO): step:3600/3600, q_loss:48731.51953125, rewards:-7978.047222222222, queue:119.75532407407407, delay:0.448613852041739, throughput:4196
2024-08-06 16:15:17 (INFO): episode:7/200, real avg travel time:1156.3089753772836
2024-08-06 16:26:42 (INFO): Test step:7/200, travel time :1310.45909451946, rewards:-11828.423611111111, queue:129.40972222222223, delay:0.4403913144712095, throughput:2940
2024-08-06 16:44:08 (INFO): Test step:2/200, travel time :1375.819380460683, rewards:-635.3792534722222, queue:144.7138888888889, delay:0.4082718460648148, throughput:2737
2024-08-06 18:09:21 (INFO): step:3600/3600, q_loss:55538.47265625, rewards:-10082.46388888889, queue:127.09837962962963, delay:0.45338527538158274, throughput:3681
2024-08-06 18:09:21 (INFO): episode:8/200, real avg travel time:1242.546783161239
2024-08-06 18:18:51 (INFO): Test step:8/200, travel time :1333.1286735504368, rewards:-10405.361111111111, queue:142.26296296296297, delay:0.46234571668836805, throughput:3335
2024-08-06 18:53:16 (INFO): step:3600/3600, q_loss:62554.59375, rewards:-7599.3805555555555, queue:116.68333333333334, delay:0.44277609365957754, throughput:4261
2024-08-06 18:53:17 (INFO): episode:9/200, real avg travel time:1134.7634630659254
2024-08-06 18:59:57 (INFO): Test step:9/200, travel time :1345.4818109610803, rewards:-12018.27638888889, queue:142.75277777777777, delay:0.45463598745840567, throughput:3007
2024-08-06 20:31:42 (INFO): step:3600/3600, q_loss:65563.71875, rewards:-8039.091666666666, queue:112.30902777777777, delay:0.4523729960123698, throughput:4003
2024-08-06 20:31:42 (INFO): episode:10/200, real avg travel time:1107.6799046862589
2024-08-06 20:41:13 (INFO): Test step:10/200, travel time :1367.9026211278792, rewards:-11785.702777777778, queue:139.83125, delay:0.44333835177951386, throughput:2903
2024-08-06 21:03:18 (INFO): step:3600/3600, q_loss:71057.5234375, rewards:-6727.270138888889, queue:105.72824074074074, delay:0.433686206958912, throughput:4082
2024-08-06 21:03:18 (INFO): episode:11/200, real avg travel time:1108.8880063542495
2024-08-06 21:11:01 (INFO): Test step:11/200, travel time :1317.555679110405, rewards:-10667.483333333334, queue:128.94953703703703, delay:0.44712682653356484, throughput:2979
2024-08-06 21:31:24 (INFO): step:3600/3600, q_loss:72023.109375, rewards:-6953.03125, queue:104.00763888888889, delay:0.436583568431713, throughput:4068
2024-08-06 21:31:24 (INFO): episode:12/200, real avg travel time:1100.4054011119936
2024-08-06 21:39:41 (INFO): Test step:12/200, travel time :1413.9847498014296, rewards:-12501.847222222223, queue:146.55462962962963, delay:0.46043328179253473, throughput:2587
2024-08-06 22:00:26 (INFO): step:3600/3600, q_loss:75782.34375, rewards:-7711.175694444444, queue:122.02824074074074, delay:0.44913578739872684, throughput:4092
2024-08-06 22:00:26 (INFO): episode:13/200, real avg travel time:1191.122795869738
2024-08-06 22:07:50 (INFO): Test step:13/200, travel time :1363.7412231930102, rewards:-10303.920833333334, queue:143.9511574074074, delay:0.44899009422019676, throughput:3147
2024-08-06 22:27:09 (INFO): step:3600/3600, q_loss:84439.640625, rewards:-6729.4631944444445, queue:107.56759259259259, delay:0.4399713304307726, throughput:4105
2024-08-06 22:27:09 (INFO): episode:14/200, real avg travel time:1096.2878474980143
2024-08-06 22:34:22 (INFO): Test step:14/200, travel time :1350.4436854646544, rewards:-10946.684722222222, queue:148.0497685185185, delay:0.4680890401204427, throughput:3208
2024-08-06 22:57:44 (INFO): step:3600/3600, q_loss:87020.9921875, rewards:-7458.020138888889, queue:121.26921296296297, delay:0.45376660382306133, throughput:3818
2024-08-06 22:57:44 (INFO): episode:15/200, real avg travel time:1166.8332009531375
2024-08-06 23:06:47 (INFO): Test step:15/200, travel time :1398.6708498808578, rewards:-10264.34236111111, queue:146.95439814814816, delay:0.45644875985604744, throughput:3038
2024-08-06 23:28:05 (INFO): step:3600/3600, q_loss:87004.90625, rewards:-8723.965972222222, queue:125.79097222222222, delay:0.45978678950557, throughput:3936
2024-08-06 23:28:05 (INFO): episode:16/200, real avg travel time:1204.3413820492453
2024-08-06 23:35:38 (INFO): Test step:16/200, travel time :1376.2794281175536, rewards:-12419.31388888889, queue:143.0337962962963, delay:0.4327301025390625, throughput:2662
2024-08-06 23:56:50 (INFO): step:3600/3600, q_loss:90641.734375, rewards:-8746.136805555556, queue:122.90671296296296, delay:0.4455940529152199, throughput:4177
2024-08-06 23:56:50 (INFO): episode:17/200, real avg travel time:1135.583637807784
2024-08-07 00:04:25 (INFO): Test step:17/200, travel time :1363.360285941223, rewards:-11437.716666666667, queue:146.71828703703704, delay:0.46379338017216437, throughput:3006
2024-08-07 00:25:07 (INFO): step:3600/3600, q_loss:96812.609375, rewards:-7887.924305555555, queue:121.76226851851852, delay:0.4333539044415509, throughput:4041
2024-08-07 00:25:07 (INFO): episode:18/200, real avg travel time:1163.0309769658459
2024-08-07 00:32:53 (INFO): Test step:18/200, travel time :1330.5864972200159, rewards:-12040.594444444445, queue:152.7898148148148, delay:0.47304594251844617, throughput:3133
2024-08-07 00:53:57 (INFO): step:3600/3600, q_loss:102214.3515625, rewards:-8728.66875, queue:120.62106481481482, delay:0.42784206249095774, throughput:3778
2024-08-07 00:53:57 (INFO): episode:19/200, real avg travel time:1169.7779189833202
2024-08-07 01:01:16 (INFO): Test step:19/200, travel time :1309.888800635425, rewards:-11144.613888888889, queue:131.7275462962963, delay:0.43047606856734666, throughput:3204
2024-08-07 01:24:10 (INFO): step:3600/3600, q_loss:106519.0546875, rewards:-7858.483333333334, queue:120.19953703703703, delay:0.43493118286132815, throughput:3976
2024-08-07 01:24:10 (INFO): episode:20/200, real avg travel time:1162.3729944400318
2024-08-07 01:33:37 (INFO): Test step:20/200, travel time :1308.499285146942, rewards:-12255.977777777778, queue:146.13819444444445, delay:0.46364720662434894, throughput:3168
2024-08-07 01:54:42 (INFO): step:3600/3600, q_loss:114163.71875, rewards:-8662.384722222223, queue:134.35300925925927, delay:0.44822390521014177, throughput:4022
2024-08-07 01:54:42 (INFO): episode:21/200, real avg travel time:1209.2824463860206
2024-08-07 02:02:05 (INFO): Test step:21/200, travel time :1228.0130262112789, rewards:-9064.419444444444, queue:127.1675925925926, delay:0.4563737374764902, throughput:3553
2024-08-07 02:22:10 (INFO): step:3600/3600, q_loss:122493.96875, rewards:-8352.899305555555, queue:123.67407407407407, delay:0.45690991436993633, throughput:3793
2024-08-07 02:22:10 (INFO): episode:22/200, real avg travel time:1149.494678316124
2024-08-07 02:29:09 (INFO): Test step:22/200, travel time :1309.2867355043686, rewards:-10329.04375, queue:141.76435185185184, delay:0.47333159270109953, throughput:3274
2024-08-07 02:51:20 (INFO): step:3600/3600, q_loss:130551.2734375, rewards:-7483.58125, queue:122.31712962962963, delay:0.44225277370876737, throughput:4134
2024-08-07 02:51:20 (INFO): episode:23/200, real avg travel time:1138.2338363780777
2024-08-07 02:58:48 (INFO): Test step:23/200, travel time :1315.391104050834, rewards:-9666.38125, queue:138.58356481481482, delay:0.46124552973994504, throughput:3347
2024-08-07 03:20:42 (INFO): step:3600/3600, q_loss:141076.890625, rewards:-9470.783333333333, queue:136.2625, delay:0.47075234872323496, throughput:3656
2024-08-07 03:20:42 (INFO): episode:24/200, real avg travel time:1234.0166799046863
2024-08-07 03:28:29 (INFO): Test step:24/200, travel time :1287.025258141382, rewards:-9665.52986111111, queue:136.54305555555555, delay:0.4691657172309028, throughput:3323
2024-08-07 03:53:36 (INFO): step:3600/3600, q_loss:146914.40625, rewards:-8337.639583333334, queue:122.97939814814815, delay:0.4459765116373698, throughput:4023
2024-08-07 03:53:36 (INFO): episode:25/200, real avg travel time:1178.6422557585386
2024-08-07 04:03:52 (INFO): Test step:25/200, travel time :1329.576489277204, rewards:-11458.332638888889, queue:148.16550925925927, delay:0.4764534279152199, throughput:3062
2024-08-07 04:26:36 (INFO): step:3600/3600, q_loss:149072.515625, rewards:-8392.14375, queue:133.0928240740741, delay:0.4546926710340712, throughput:3712
2024-08-07 04:26:36 (INFO): episode:26/200, real avg travel time:1225.9712470214456
2024-08-07 04:34:50 (INFO): Test step:26/200, travel time :1246.0629070691025, rewards:-9678.780555555555, queue:133.83425925925926, delay:0.45845167371961804, throughput:3396
2024-08-07 04:56:51 (INFO): step:3600/3600, q_loss:148218.1875, rewards:-7570.482638888889, queue:117.86180555555555, delay:0.443187176739728, throughput:4012
2024-08-07 04:56:51 (INFO): episode:27/200, real avg travel time:1155.0449563145353
2024-08-07 05:02:24 (INFO): step:3600/3600, q_loss:65.81819152832031, rewards:-548.4916666666667, queue:131.72314814814814, delay:0.38843039053457756, throughput:3010
2024-08-07 05:02:24 (INFO): episode:3/200, real avg travel time:1307.3723590150914
2024-08-07 05:05:49 (INFO): Test step:27/200, travel time :1317.682764098491, rewards:-9381.954166666666, queue:147.86087962962964, delay:0.4874969482421875, throughput:3475
2024-08-07 05:14:47 (INFO): Test step:3/200, travel time :1328.9893566322478, rewards:-559.3469618055556, queue:128.65, delay:0.3118483366789641, throughput:2631
2024-08-07 05:27:17 (INFO): step:3600/3600, q_loss:139648.828125, rewards:-7709.20625, queue:126.21712962962962, delay:0.46920476842809605, throughput:4203
2024-08-07 05:27:17 (INFO): episode:28/200, real avg travel time:1186.2025416997617
2024-08-07 05:35:56 (INFO): Test step:28/200, travel time :1246.2463860206512, rewards:-9731.076388888889, queue:134.57268518518518, delay:0.4545796712239583, throughput:3455
2024-08-07 05:58:01 (INFO): step:3600/3600, q_loss:135422.875, rewards:-7988.647222222222, queue:118.92592592592592, delay:0.4535611753110532, throughput:4185
2024-08-07 05:58:01 (INFO): episode:29/200, real avg travel time:1126.7467831612391
2024-08-07 06:05:02 (INFO): Test step:29/200, travel time :1188.0716441620334, rewards:-9156.272916666667, queue:132.75185185185185, delay:0.46996369538483795, throughput:3761
2024-08-07 06:28:47 (INFO): step:3600/3600, q_loss:131736.796875, rewards:-6761.366666666667, queue:117.59027777777777, delay:0.4471504776566117, throughput:4269
2024-08-07 06:28:47 (INFO): episode:30/200, real avg travel time:1077.648927720413
2024-08-07 06:37:50 (INFO): Test step:30/200, travel time :1290.0927720413026, rewards:-11891.695833333333, queue:139.4990740740741, delay:0.44592293633355035, throughput:3055
2024-08-07 06:59:15 (INFO): step:3600/3600, q_loss:127657.2734375, rewards:-8231.451388888889, queue:125.8550925925926, delay:0.4565636811433015, throughput:3988
2024-08-07 06:59:15 (INFO): episode:31/200, real avg travel time:1163.0270055599683
2024-08-07 07:06:28 (INFO): Test step:31/200, travel time :1214.872438443209, rewards:-8375.652777777777, queue:129.70787037037036, delay:0.4555659541377315, throughput:3874
2024-08-07 07:26:51 (INFO): step:3600/3600, q_loss:128372.5625, rewards:-7208.096527777778, queue:114.90532407407407, delay:0.4505462929054543, throughput:4197
2024-08-07 07:26:51 (INFO): episode:32/200, real avg travel time:1100.7240667196188
2024-08-07 07:33:41 (INFO): Test step:32/200, travel time :1142.8595710881652, rewards:-7875.243055555556, queue:122.22314814814816, delay:0.44822396172417533, throughput:4029
2024-08-07 07:53:49 (INFO): step:3600/3600, q_loss:109731.5546875, rewards:-6080.810416666666, queue:116.56921296296296, delay:0.4494466710973669, throughput:4399
2024-08-07 07:53:49 (INFO): episode:33/200, real avg travel time:1099.142176330421
2024-08-07 08:01:02 (INFO): Test step:33/200, travel time :1188.4158856235108, rewards:-6666.518055555555, queue:127.44907407407408, delay:0.459162676775897, throughput:4166
2024-08-07 08:22:44 (INFO): step:3600/3600, q_loss:78515.109375, rewards:-5865.409722222223, queue:119.7699074074074, delay:0.44878929985894095, throughput:4481
2024-08-07 08:22:44 (INFO): episode:34/200, real avg travel time:1118.862112787927
2024-08-07 08:30:16 (INFO): Test step:34/200, travel time :1163.4781572676727, rewards:-6561.690277777778, queue:123.71828703703704, delay:0.4541659602412471, throughput:4150
2024-08-07 08:48:24 (INFO): step:3600/3600, q_loss:54767.46484375, rewards:-6840.388888888889, queue:123.58657407407408, delay:0.4570227728949653, throughput:4256
2024-08-07 08:48:25 (INFO): episode:35/200, real avg travel time:1123.714058776807
2024-08-07 08:57:19 (INFO): Test step:35/200, travel time :1154.3293089753772, rewards:-7742.8180555555555, queue:126.42106481481481, delay:0.4554528695565683, throughput:3907
2024-08-07 09:17:51 (INFO): step:3600/3600, q_loss:49683.4609375, rewards:-5902.616666666667, queue:108.53587962962963, delay:0.44110655608000576, throughput:4432
2024-08-07 09:17:51 (INFO): episode:36/200, real avg travel time:1053.7178713264495
2024-08-07 09:25:11 (INFO): Test step:36/200, travel time :1165.663542494043, rewards:-8650.619444444445, queue:132.37962962962962, delay:0.47045135498046875, throughput:3798
2024-08-07 09:46:04 (INFO): step:3600/3600, q_loss:54218.03515625, rewards:-6075.282638888889, queue:109.99236111111111, delay:0.4401661625614873, throughput:4673
2024-08-07 09:46:04 (INFO): episode:37/200, real avg travel time:1018.2166799046862
2024-08-07 09:52:22 (INFO): Test step:37/200, travel time :1148.4169976171565, rewards:-7881.903472222222, queue:130.48912037037036, delay:0.4631758795844184, throughput:3932
2024-08-07 10:13:47 (INFO): step:3600/3600, q_loss:44729.76953125, rewards:-5290.586111111111, queue:112.57962962962964, delay:0.45704447428385414, throughput:4445
2024-08-07 10:13:47 (INFO): episode:38/200, real avg travel time:1058.4270055599682
2024-08-07 10:20:51 (INFO): Test step:38/200, travel time :1220.728832406672, rewards:-8394.731944444444, queue:140.01319444444445, delay:0.48214456063729744, throughput:3625
2024-08-07 10:41:54 (INFO): step:3600/3600, q_loss:40889.19921875, rewards:-5101.506597222222, queue:108.05208333333333, delay:0.43560254132306137, throughput:4642
2024-08-07 10:41:54 (INFO): episode:39/200, real avg travel time:1025.810325655282
2024-08-07 10:49:46 (INFO): Test step:39/200, travel time :1196.0686258935664, rewards:-7837.489583333333, queue:131.14282407407407, delay:0.46946179425274887, throughput:3776
2024-08-07 11:13:00 (INFO): step:3600/3600, q_loss:41108.12890625, rewards:-5243.152777777777, queue:109.10300925925925, delay:0.43650730274341726, throughput:4518
2024-08-07 11:13:00 (INFO): episode:40/200, real avg travel time:1053.3275615567911
2024-08-07 11:22:38 (INFO): Test step:40/200, travel time :1211.6181096108023, rewards:-8591.30625, queue:131.42592592592592, delay:0.4651581658257378, throughput:3427
2024-08-07 11:44:24 (INFO): step:3600/3600, q_loss:72840.0703125, rewards:-5285.8625, queue:106.72291666666666, delay:0.4350516990379051, throughput:4565
2024-08-07 11:44:24 (INFO): episode:41/200, real avg travel time:1048.2223987291502
2024-08-07 11:51:01 (INFO): Test step:41/200, travel time :1115.2719618745036, rewards:-6375.85625, queue:117.8738425925926, delay:0.44632398817274305, throughput:4270
2024-08-07 12:12:55 (INFO): step:3600/3600, q_loss:79940.2578125, rewards:-6339.186805555555, queue:116.45439814814814, delay:0.4436401649757668, throughput:4494
2024-08-07 12:12:55 (INFO): episode:42/200, real avg travel time:1095.0467037331216
2024-08-07 12:21:11 (INFO): Test step:42/200, travel time :1182.127402700556, rewards:-8142.039583333333, queue:134.00416666666666, delay:0.4701750578703704, throughput:4010
2024-08-07 12:43:04 (INFO): step:3600/3600, q_loss:42133.03515625, rewards:-6681.967361111111, queue:116.75347222222223, delay:0.45684280395507815, throughput:4599
2024-08-07 12:43:04 (INFO): episode:43/200, real avg travel time:1089.9891977760128
2024-08-07 12:50:20 (INFO): Test step:43/200, travel time :1169.2602065131057, rewards:-8424.545138888889, queue:129.90277777777777, delay:0.45065155029296877, throughput:3774
2024-08-07 13:11:56 (INFO): step:3600/3600, q_loss:40968.90234375, rewards:-5261.213541666667, queue:110.03981481481482, delay:0.4444503219039352, throughput:4610
2024-08-07 13:11:56 (INFO): episode:44/200, real avg travel time:1023.7826846703733
2024-08-07 13:19:20 (INFO): Test step:44/200, travel time :1048.291660047657, rewards:-5188.483333333334, queue:108.71157407407408, delay:0.4362504747178819, throughput:4634
2024-08-07 13:42:24 (INFO): step:3600/3600, q_loss:39668.72265625, rewards:-5038.423611111111, queue:102.5537037037037, delay:0.4413440845630787, throughput:4606
2024-08-07 13:42:24 (INFO): episode:45/200, real avg travel time:1018.9291501191422
2024-08-07 13:51:22 (INFO): Test step:45/200, travel time :1122.770293884035, rewards:-6515.253472222223, queue:119.74259259259259, delay:0.45820222077546297, throughput:4237
2024-08-07 14:13:13 (INFO): step:3600/3600, q_loss:43387.1796875, rewards:-5522.736111111111, queue:109.65300925925926, delay:0.43757202713577836, throughput:4488
2024-08-07 14:13:13 (INFO): episode:46/200, real avg travel time:1032.656235107228
2024-08-07 14:21:46 (INFO): Test step:46/200, travel time :1191.15552025417, rewards:-7429.096527777778, queue:141.38842592592593, delay:0.48282962375217015, throughput:3896
2024-08-07 14:43:43 (INFO): step:3600/3600, q_loss:46383.07421875, rewards:-5601.163194444444, queue:111.80856481481482, delay:0.44720100120261863, throughput:4505
2024-08-07 14:43:43 (INFO): episode:47/200, real avg travel time:1030.9455123113582
2024-08-07 14:51:08 (INFO): Test step:47/200, travel time :1182.7208895949166, rewards:-7377.750694444445, queue:133.29050925925927, delay:0.4794612178096065, throughput:3854
2024-08-07 15:13:34 (INFO): step:3600/3600, q_loss:48552.7734375, rewards:-5706.05, queue:112.60138888888889, delay:0.45730740582501445, throughput:4332
2024-08-07 15:13:34 (INFO): episode:48/200, real avg travel time:1051.3625099285148
2024-08-07 15:21:09 (INFO): Test step:48/200, travel time :1111.4201747418585, rewards:-6547.620833333333, queue:121.27662037037037, delay:0.46608841507523147, throughput:4072
2024-08-07 15:43:25 (INFO): step:3600/3600, q_loss:48737.42578125, rewards:-5296.247222222222, queue:110.80717592592593, delay:0.45593188250506367, throughput:4385
2024-08-07 15:43:25 (INFO): episode:49/200, real avg travel time:1024.5166004765688
2024-08-07 15:51:10 (INFO): Test step:49/200, travel time :1159.7440826052423, rewards:-7266.476388888889, queue:129.2414351851852, delay:0.4705624050564236, throughput:3947
2024-08-07 16:03:38 (INFO): step:3600/3600, q_loss:74.924560546875, rewards:-441.26649305555554, queue:110.34444444444445, delay:0.313311767578125, throughput:3990
2024-08-07 16:03:38 (INFO): episode:4/200, real avg travel time:1162.1434471803018
2024-08-07 16:13:51 (INFO): Test step:4/200, travel time :857.7990468625893, rewards:-316.8277560763889, queue:82.2712962962963, delay:0.3258755436650029, throughput:4441
2024-08-07 16:15:08 (INFO): step:3600/3600, q_loss:46629.3671875, rewards:-5297.011805555556, queue:115.17592592592592, delay:0.4640758938259549, throughput:4500
2024-08-07 16:15:09 (INFO): episode:50/200, real avg travel time:1067.428276409849
2024-08-07 16:24:40 (INFO): Test step:50/200, travel time :1145.9933280381256, rewards:-7280.484027777778, queue:121.24444444444444, delay:0.4519886440700955, throughput:3988
2024-08-07 16:45:36 (INFO): step:3600/3600, q_loss:45166.35546875, rewards:-5710.303125, queue:107.98981481481482, delay:0.43991495768229166, throughput:4639
2024-08-07 16:45:36 (INFO): episode:51/200, real avg travel time:1048.8513105639397
2024-08-07 16:52:42 (INFO): Test step:51/200, travel time :1117.4182684670373, rewards:-6881.3, queue:116.24560185185184, delay:0.4460193210177951, throughput:4049
2024-08-07 17:14:06 (INFO): step:3600/3600, q_loss:42492.49609375, rewards:-4970.473263888889, queue:110.25277777777778, delay:0.453436279296875, throughput:4613
2024-08-07 17:14:06 (INFO): episode:52/200, real avg travel time:1003.5717235901509
2024-08-07 17:22:17 (INFO): Test step:52/200, travel time :1151.1293089753772, rewards:-6941.670833333334, queue:134.92037037037036, delay:0.47680816650390623, throughput:4137
2024-08-07 17:42:51 (INFO): step:3600/3600, q_loss:40216.71875, rewards:-4815.170138888889, queue:112.57291666666667, delay:0.4499953658492477, throughput:4867
2024-08-07 17:42:51 (INFO): episode:53/200, real avg travel time:1002.7356632247815
2024-08-07 17:51:01 (INFO): Test step:53/200, travel time :1222.1787132644956, rewards:-7961.888194444445, queue:146.35208333333333, delay:0.4758164017288773, throughput:3932
2024-08-07 18:12:05 (INFO): step:3600/3600, q_loss:39623.03515625, rewards:-5268.3701388888885, queue:133.0888888888889, delay:0.46921940556278935, throughput:4862
2024-08-07 18:12:05 (INFO): episode:54/200, real avg travel time:1103.5032565528197
2024-08-07 18:19:45 (INFO): Test step:54/200, travel time :1164.524384432089, rewards:-7700.4625, queue:136.33958333333334, delay:0.4620176527235243, throughput:4361
2024-08-07 18:44:13 (INFO): step:3600/3600, q_loss:42490.9921875, rewards:-6591.8625, queue:128.77013888888888, delay:0.45977528889973956, throughput:4581
2024-08-07 18:44:13 (INFO): episode:55/200, real avg travel time:1092.3321683876093
2024-08-07 18:53:40 (INFO): Test step:55/200, travel time :1257.1396346306592, rewards:-7481.097222222223, queue:138.4613425925926, delay:0.4671766493055556, throughput:3754
2024-08-07 19:16:08 (INFO): step:3600/3600, q_loss:43208.06640625, rewards:-5222.4326388888885, queue:112.13773148148148, delay:0.44908710055881074, throughput:4851
2024-08-07 19:16:08 (INFO): episode:56/200, real avg travel time:1045.7181890389197
2024-08-07 19:24:12 (INFO): Test step:56/200, travel time :1123.114058776807, rewards:-5868.102083333333, queue:121.92129629629629, delay:0.4459284464518229, throughput:4469
2024-08-07 19:46:18 (INFO): step:3600/3600, q_loss:45911.125, rewards:-4827.179861111111, queue:106.18009259259259, delay:0.43804779052734377, throughput:4747
2024-08-07 19:46:18 (INFO): episode:57/200, real avg travel time:1023.4406671961874
2024-08-07 19:53:28 (INFO): Test step:57/200, travel time :1126.5045274027007, rewards:-5727.779861111111, queue:122.13703703703703, delay:0.46086996572989003, throughput:4360
2024-08-07 20:15:27 (INFO): step:3600/3600, q_loss:48566.2578125, rewards:-4386.683680555556, queue:104.05925925925926, delay:0.4367829781991464, throughput:4870
2024-08-07 20:15:27 (INFO): episode:58/200, real avg travel time:1013.5653693407467
2024-08-07 20:22:40 (INFO): Test step:58/200, travel time :1049.445750595711, rewards:-6306.045138888889, queue:111.26666666666667, delay:0.43640357123480905, throughput:4459
2024-08-07 20:43:52 (INFO): step:3600/3600, q_loss:50961.5390625, rewards:-5412.763194444445, queue:103.92199074074074, delay:0.4306101198549624, throughput:4872
2024-08-07 20:43:52 (INFO): episode:59/200, real avg travel time:996.7596505162828
2024-08-07 20:50:37 (INFO): Test step:59/200, travel time :1042.9002382843526, rewards:-6788.427083333333, queue:106.47199074074074, delay:0.42547341805917244, throughput:4238
2024-08-07 21:13:34 (INFO): step:3600/3600, q_loss:54303.71484375, rewards:-5012.889583333334, queue:99.98217592592593, delay:0.43202944155092593, throughput:4616
2024-08-07 21:13:34 (INFO): episode:60/200, real avg travel time:1001.208895949166
2024-08-07 21:22:36 (INFO): Test step:60/200, travel time :1106.7491660047656, rewards:-8324.40625, queue:124.775, delay:0.4464994925039786, throughput:4013
2024-08-07 21:44:39 (INFO): step:3600/3600, q_loss:54641.10546875, rewards:-6992.697222222222, queue:110.1150462962963, delay:0.44470517193829573, throughput:4580
2024-08-07 21:44:39 (INFO): episode:61/200, real avg travel time:1011.7494837172359
2024-08-07 21:51:42 (INFO): Test step:61/200, travel time :1085.1329626687848, rewards:-5979.672916666666, queue:121.33055555555555, delay:0.45551735206886573, throughput:4467
2024-08-07 22:14:18 (INFO): step:3600/3600, q_loss:57473.328125, rewards:-6272.257638888889, queue:112.3162037037037, delay:0.45257525973849827, throughput:4353
2024-08-07 22:14:18 (INFO): episode:62/200, real avg travel time:1023.6190627482129
2024-08-07 22:22:37 (INFO): Test step:62/200, travel time :1118.7239078633836, rewards:-7252.903472222222, queue:125.70115740740741, delay:0.45222588998300056, throughput:4194
2024-08-07 22:44:45 (INFO): step:3600/3600, q_loss:64631.92578125, rewards:-6198.504166666667, queue:110.3013888888889, delay:0.4423600373444734, throughput:4458
2024-08-07 22:44:45 (INFO): episode:63/200, real avg travel time:1018.2802223987292
2024-08-07 22:51:31 (INFO): Test step:63/200, travel time :1078.7410643367753, rewards:-7144.618055555556, queue:111.2587962962963, delay:0.4350461041485822, throughput:3949
2024-08-07 23:12:44 (INFO): step:3600/3600, q_loss:146232.078125, rewards:-6082.346527777778, queue:99.4, delay:0.4283124853063513, throughput:4450
2024-08-07 23:12:44 (INFO): episode:64/200, real avg travel time:1008.2938840349484
2024-08-07 23:21:13 (INFO): Test step:64/200, travel time :1143.1131056393963, rewards:-7063.106944444445, queue:129.54930555555555, delay:0.47194112141927086, throughput:4084
2024-08-07 23:45:01 (INFO): step:3600/3600, q_loss:319071.875, rewards:-6476.653472222222, queue:110.52638888888889, delay:0.43187103271484373, throughput:4388
2024-08-07 23:45:01 (INFO): episode:65/200, real avg travel time:1017.7308975377283
2024-08-07 23:54:45 (INFO): Test step:65/200, travel time :1109.3855440826053, rewards:-7677.329166666666, queue:123.35300925925925, delay:0.4392596774631076, throughput:4068
2024-08-08 00:15:07 (INFO): step:3600/3600, q_loss:309464.65625, rewards:-4515.002777777778, queue:98.40208333333334, delay:0.4273557874891493, throughput:4841
2024-08-08 00:15:07 (INFO): episode:66/200, real avg travel time:955.722954725973
2024-08-08 00:21:56 (INFO): Test step:66/200, travel time :1014.5437648927721, rewards:-4411.742708333333, queue:106.5275462962963, delay:0.4318905865704572, throughput:4799
2024-08-08 00:43:21 (INFO): step:3600/3600, q_loss:213880.625, rewards:-5212.69375, queue:109.6375, delay:0.4357270417390046, throughput:4714
2024-08-08 00:43:21 (INFO): episode:67/200, real avg travel time:1015.0495631453534
2024-08-08 00:49:55 (INFO): Test step:67/200, travel time :1025.1799841143766, rewards:-5975.746527777777, queue:113.53958333333334, delay:0.444312823260272, throughput:4514
2024-08-08 01:10:50 (INFO): step:3600/3600, q_loss:78755.375, rewards:-5932.0673611111115, queue:106.4488425925926, delay:0.43245632030345776, throughput:4573
2024-08-08 01:10:50 (INFO): episode:68/200, real avg travel time:972.6228752978554
2024-08-08 01:18:18 (INFO): Test step:68/200, travel time :1105.1156473391582, rewards:-8187.191666666667, queue:125.87962962962963, delay:0.4492973045066551, throughput:4063
2024-08-08 01:39:36 (INFO): step:3600/3600, q_loss:55933.93359375, rewards:-5384.047222222222, queue:102.86689814814815, delay:0.4222865069354022, throughput:4793
2024-08-08 01:39:36 (INFO): episode:69/200, real avg travel time:947.1015091342335
2024-08-08 01:47:08 (INFO): Test step:69/200, travel time :1110.5166004765688, rewards:-6780.6298611111115, queue:125.90625, delay:0.4412533795392072, throughput:4188
2024-08-08 02:09:37 (INFO): step:3600/3600, q_loss:57635.140625, rewards:-4257.836805555556, queue:97.76597222222222, delay:0.41123679832175924, throughput:4863
2024-08-08 02:09:37 (INFO): episode:70/200, real avg travel time:954.8009531374106
2024-08-08 02:19:06 (INFO): Test step:70/200, travel time :1196.0862589356632, rewards:-8470.527083333332, queue:130.96458333333334, delay:0.46334912335431133, throughput:3610
2024-08-08 02:40:02 (INFO): step:3600/3600, q_loss:58827.7421875, rewards:-4148.826388888889, queue:101.25601851851852, delay:0.4269390247486256, throughput:5084
2024-08-08 02:40:02 (INFO): episode:71/200, real avg travel time:969.5944400317712
2024-08-08 02:45:51 (INFO): step:3600/3600, q_loss:62.851806640625, rewards:-318.2146701388889, queue:84.77685185185184, delay:0.3722918192545573, throughput:4694
2024-08-08 02:45:51 (INFO): episode:5/200, real avg travel time:858.9077045274028
2024-08-08 02:47:12 (INFO): Test step:71/200, travel time :1077.8908657664813, rewards:-6110.763888888889, queue:117.17962962962963, delay:0.43776784826208043, throughput:4382
2024-08-08 02:54:56 (INFO): Test step:5/200, travel time :766.336139793487, rewards:-285.78068576388887, queue:70.29976851851852, delay:0.3494887175383391, throughput:5043
2024-08-08 03:08:48 (INFO): step:3600/3600, q_loss:55788.60546875, rewards:-4589.979861111111, queue:97.76712962962964, delay:0.41622563114872685, throughput:4828
2024-08-08 03:08:48 (INFO): episode:72/200, real avg travel time:927.294837172359
2024-08-08 03:15:09 (INFO): Test step:72/200, travel time :970.552501985703, rewards:-5545.6142361111115, queue:101.2074074074074, delay:0.42002939294885705, throughput:4540
2024-08-08 03:36:41 (INFO): step:3600/3600, q_loss:52106.984375, rewards:-4159.038888888889, queue:99.41944444444445, delay:0.4228547555428964, throughput:5001
2024-08-08 03:36:41 (INFO): episode:73/200, real avg travel time:952.3957108816521
2024-08-08 03:42:25 (INFO): Test step:73/200, travel time :1011.2764098490866, rewards:-6149.98125, queue:105.62939814814816, delay:0.42401931197554976, throughput:4563
2024-08-08 04:03:34 (INFO): step:3600/3600, q_loss:49956.7734375, rewards:-4861.1038194444445, queue:90.39328703703704, delay:0.4101644162778501, throughput:4883
2024-08-08 04:03:34 (INFO): episode:74/200, real avg travel time:912.5556791104051
2024-08-08 04:09:34 (INFO): Test step:74/200, travel time :987.1987291501191, rewards:-6584.8798611111115, queue:105.46481481481482, delay:0.4230277449996383, throughput:4327
2024-08-08 04:34:01 (INFO): step:3600/3600, q_loss:50096.5703125, rewards:-5275.346527777778, queue:91.29652777777778, delay:0.4068036679868345, throughput:4988
2024-08-08 04:34:02 (INFO): episode:75/200, real avg travel time:892.2231930103256
2024-08-08 04:40:49 (INFO): Test step:75/200, travel time :982.4946783161239, rewards:-5503.803472222222, queue:99.3849537037037, delay:0.4186637595847801, throughput:4405
2024-08-08 04:59:16 (INFO): step:3600/3600, q_loss:51607.96875, rewards:-5307.499652777778, queue:99.41412037037037, delay:0.42714493362991895, throughput:4726
2024-08-08 04:59:16 (INFO): episode:76/200, real avg travel time:942.6343129467832
2024-08-08 05:05:43 (INFO): Test step:76/200, travel time :1182.5404289118349, rewards:-7234.709722222222, queue:128.54837962962964, delay:0.4462750470196759, throughput:3946
2024-08-08 05:26:29 (INFO): step:3600/3600, q_loss:55479.15234375, rewards:-5951.883333333333, queue:103.48796296296297, delay:0.4130814446343316, throughput:4473
2024-08-08 05:26:29 (INFO): episode:77/200, real avg travel time:1031.2730738681494
2024-08-08 05:32:05 (INFO): Test step:77/200, travel time :987.6216044479746, rewards:-4745.516319444445, queue:101.93032407407408, delay:0.4291212293836806, throughput:4732
2024-08-08 05:53:32 (INFO): step:3600/3600, q_loss:59103.75, rewards:-6181.336805555556, queue:110.01759259259259, delay:0.4399232087311921, throughput:4229
2024-08-08 05:53:32 (INFO): episode:78/200, real avg travel time:1036.8813343923748
2024-08-08 06:00:00 (INFO): Test step:78/200, travel time :1138.7899920571883, rewards:-7786.75, queue:123.02638888888889, delay:0.42925092909071183, throughput:3935
2024-08-08 06:21:31 (INFO): step:3600/3600, q_loss:60037.32421875, rewards:-6806.139583333334, queue:99.62013888888889, delay:0.4113644635235822, throughput:4198
2024-08-08 06:21:31 (INFO): episode:79/200, real avg travel time:1005.3210484511517
2024-08-08 06:26:59 (INFO): Test step:79/200, travel time :1048.743923749007, rewards:-7980.578472222222, queue:104.57453703703703, delay:0.41858319882993344, throughput:3946
2024-08-08 06:50:38 (INFO): step:3600/3600, q_loss:59930.91796875, rewards:-7328.439583333334, queue:111.7099537037037, delay:0.43316689950448495, throughput:4119
2024-08-08 06:50:39 (INFO): episode:80/200, real avg travel time:1051.3270849880857
2024-08-08 06:59:55 (INFO): Test step:80/200, travel time :1154.2335186656076, rewards:-8360.777083333332, queue:123.1574074074074, delay:0.45016838356300637, throughput:3774
2024-08-08 07:21:56 (INFO): step:3600/3600, q_loss:58280.8359375, rewards:-7188.363194444444, queue:108.04513888888889, delay:0.4350824991861979, throughput:4195
2024-08-08 07:21:56 (INFO): episode:81/200, real avg travel time:1064.3683876092136
2024-08-08 07:28:14 (INFO): Test step:81/200, travel time :1040.3742652899127, rewards:-6512.6201388888885, queue:107.53217592592593, delay:0.42436933164243346, throughput:4212
2024-08-08 07:48:25 (INFO): step:3600/3600, q_loss:59311.60546875, rewards:-4811.881944444444, queue:92.03981481481482, delay:0.41784950538917826, throughput:4814
2024-08-08 07:48:25 (INFO): episode:82/200, real avg travel time:915.1826846703733
2024-08-08 07:54:42 (INFO): Test step:82/200, travel time :1059.373153296267, rewards:-6840.482638888889, queue:109.13287037037037, delay:0.4265758090549045, throughput:4175
2024-08-08 08:15:55 (INFO): step:3600/3600, q_loss:56164.90625, rewards:-5549.477083333333, queue:89.34560185185185, delay:0.4163808751989294, throughput:4781
2024-08-08 08:15:55 (INFO): episode:83/200, real avg travel time:905.2260524225576
2024-08-08 08:22:10 (INFO): Test step:83/200, travel time :1002.9612390786339, rewards:-6065.19375, queue:113.11550925925926, delay:0.42492424293800635, throughput:4660
2024-08-08 08:42:28 (INFO): step:3600/3600, q_loss:50885.3984375, rewards:-5255.047916666666, queue:99.44791666666667, delay:0.42618419505931715, throughput:4740
2024-08-08 08:42:28 (INFO): episode:84/200, real avg travel time:932.940746624305
2024-08-08 08:47:47 (INFO): Test step:84/200, travel time :936.3906274821287, rewards:-5261.480555555556, queue:95.56388888888888, delay:0.4093078895851418, throughput:4613
2024-08-08 09:11:36 (INFO): step:3600/3600, q_loss:49806.3515625, rewards:-4341.489583333333, queue:91.13263888888889, delay:0.4149722346553096, throughput:5077
2024-08-08 09:11:36 (INFO): episode:85/200, real avg travel time:900.397140587768
2024-08-08 09:17:48 (INFO): Test step:85/200, travel time :962.1683876092137, rewards:-4435.289930555556, queue:104.45324074074074, delay:0.44473769576461225, throughput:4890
2024-08-08 09:39:50 (INFO): step:3600/3600, q_loss:49832.79296875, rewards:-4445.229166666667, queue:85.44027777777778, delay:0.41234170419198496, throughput:5130
2024-08-08 09:39:50 (INFO): episode:86/200, real avg travel time:847.0810166799047
2024-08-08 09:45:25 (INFO): Test step:86/200, travel time :973.5146942017474, rewards:-7279.058333333333, queue:107.03587962962963, delay:0.42752996374059604, throughput:4440
2024-08-08 10:05:23 (INFO): step:3600/3600, q_loss:49094.515625, rewards:-4964.2125, queue:93.19189814814816, delay:0.41927043773509837, throughput:5149
2024-08-08 10:05:23 (INFO): episode:87/200, real avg travel time:900.561397934869
2024-08-08 10:11:16 (INFO): Test step:87/200, travel time :1023.7504368546465, rewards:-6254.126388888889, queue:114.28680555555556, delay:0.4293730841742622, throughput:4435
2024-08-08 10:32:10 (INFO): step:3600/3600, q_loss:46931.98828125, rewards:-5573.887152777777, queue:105.08865740740741, delay:0.41967024626555266, throughput:4737
2024-08-08 10:32:10 (INFO): episode:88/200, real avg travel time:944.8889594916601
2024-08-08 10:37:59 (INFO): Test step:88/200, travel time :985.5737887212073, rewards:-5461.747222222222, queue:107.57824074074074, delay:0.4230563411006221, throughput:4797
2024-08-08 10:59:32 (INFO): step:3600/3600, q_loss:48405.19140625, rewards:-4024.1006944444443, queue:96.18773148148148, delay:0.40241930926287617, throughput:5296
2024-08-08 10:59:32 (INFO): episode:89/200, real avg travel time:885.6664019062748
2024-08-08 11:06:11 (INFO): Test step:89/200, travel time :1098.6470214455917, rewards:-6722.346527777778, queue:124.42060185185186, delay:0.44699644865813076, throughput:4284
2024-08-08 11:30:17 (INFO): step:3600/3600, q_loss:50184.17578125, rewards:-5163.859027777778, queue:103.01180555555555, delay:0.42154179325810187, throughput:5020
2024-08-08 11:30:17 (INFO): episode:90/200, real avg travel time:977.9158061953932
2024-08-08 11:37:02 (INFO): Test step:90/200, travel time :1082.4428911834789, rewards:-8615.834027777777, queue:123.12731481481481, delay:0.4463404337565104, throughput:3896
2024-08-08 11:59:06 (INFO): step:3600/3600, q_loss:50915.03515625, rewards:-5772.688888888889, queue:99.10601851851852, delay:0.41278420907479746, throughput:4917
2024-08-08 11:59:06 (INFO): episode:91/200, real avg travel time:938.4373312152502
2024-08-08 12:05:37 (INFO): Test step:91/200, travel time :983.632565528197, rewards:-6642.143055555555, queue:104.78634259259259, delay:0.4305448744032118, throughput:4581
2024-08-08 12:26:06 (INFO): step:3600/3600, q_loss:50582.3203125, rewards:-4834.654166666666, queue:88.70046296296296, delay:0.39812887686270254, throughput:5091
2024-08-08 12:26:06 (INFO): episode:92/200, real avg travel time:879.2435266084194
2024-08-08 12:31:48 (INFO): Test step:92/200, travel time :1004.3088165210485, rewards:-5906.707638888889, queue:109.06967592592592, delay:0.4245757774070457, throughput:4634
2024-08-08 12:51:47 (INFO): step:3600/3600, q_loss:50406.7890625, rewards:-4272.90625, queue:92.70023148148148, delay:0.41138924492730033, throughput:5051
2024-08-08 12:51:47 (INFO): episode:93/200, real avg travel time:897.9849086576648
2024-08-08 12:56:55 (INFO): Test step:93/200, travel time :1037.6217633042097, rewards:-6775.069444444444, queue:109.59675925925926, delay:0.4178513138382523, throughput:4230
2024-08-08 13:17:51 (INFO): step:3600/3600, q_loss:54889.24609375, rewards:-4774.457291666667, queue:94.0199074074074, delay:0.4166091071234809, throughput:5021
2024-08-08 13:17:51 (INFO): episode:94/200, real avg travel time:898.3764892772041
2024-08-08 13:23:15 (INFO): Test step:94/200, travel time :1036.8376489277205, rewards:-6200.606944444445, queue:111.95347222222222, delay:0.4327035126862703, throughput:4497
2024-08-08 13:46:27 (INFO): step:3600/3600, q_loss:57597.94140625, rewards:-4307.3, queue:104.77986111111112, delay:0.4268256293402778, throughput:4946
2024-08-08 13:46:27 (INFO): episode:95/200, real avg travel time:961.0600476568706
2024-08-08 13:49:22 (INFO): step:3600/3600, q_loss:61.712196350097656, rewards:-203.09136284722223, queue:51.68773148148148, delay:0.33976720174153646, throughput:5599
2024-08-08 13:49:22 (INFO): episode:6/200, real avg travel time:596.7102462271644
2024-08-08 13:52:39 (INFO): Test step:95/200, travel time :906.0438443208895, rewards:-4146.052777777778, queue:90.58981481481482, delay:0.40914351851851855, throughput:4924
2024-08-08 13:55:51 (INFO): Test step:6/200, travel time :573.2579825258141, rewards:-167.34784071180556, queue:42.12129629629629, delay:0.341267168963397, throughput:5576
2024-08-08 14:13:18 (INFO): step:3600/3600, q_loss:56772.1484375, rewards:-3846.9465277777776, queue:90.71180555555556, delay:0.4068078500253183, throughput:5147
2024-08-08 14:13:18 (INFO): episode:96/200, real avg travel time:878.5424940428912
2024-08-08 14:18:47 (INFO): Test step:96/200, travel time :939.481334392375, rewards:-5051.829513888889, queue:101.67129629629629, delay:0.413303064416956, throughput:4858
2024-08-08 14:38:22 (INFO): step:3600/3600, q_loss:62888.0, rewards:-3776.8597222222224, queue:85.42152777777778, delay:0.4027541549117477, throughput:5219
2024-08-08 14:38:22 (INFO): episode:97/200, real avg travel time:837.4849880857823
2024-08-08 14:43:57 (INFO): Test step:97/200, travel time :905.2803812549643, rewards:-5207.103472222222, queue:96.28657407407407, delay:0.42145202071578414, throughput:4745
2024-08-08 15:04:27 (INFO): step:3600/3600, q_loss:71790.9375, rewards:-3312.85625, queue:81.95694444444445, delay:0.4038061636465567, throughput:5467
2024-08-08 15:04:27 (INFO): episode:98/200, real avg travel time:808.164416203336
2024-08-08 15:10:24 (INFO): Test step:98/200, travel time :905.7310563939635, rewards:-5511.266319444445, queue:99.69907407407408, delay:0.41750801934136283, throughput:5275
2024-08-08 15:32:32 (INFO): step:3600/3600, q_loss:72189.59375, rewards:-4490.009722222222, queue:86.49375, delay:0.412084565339265, throughput:5197
2024-08-08 15:32:32 (INFO): episode:99/200, real avg travel time:834.9086576648133
2024-08-08 15:36:54 (INFO): Test step:99/200, travel time :783.6730738681493, rewards:-3340.5958333333333, queue:76.46018518518518, delay:0.3832005536114728, throughput:5375
2024-08-08 15:59:40 (INFO): step:3600/3600, q_loss:76840.6796875, rewards:-3547.253125, queue:83.12638888888888, delay:0.40141889784071183, throughput:5427
2024-08-08 15:59:40 (INFO): episode:100/200, real avg travel time:790.3458300238284
2024-08-08 16:08:54 (INFO): Test step:100/200, travel time :1016.8959491660048, rewards:-7061.927083333333, queue:110.10069444444444, delay:0.4329109474464699, throughput:4270
2024-08-08 16:30:06 (INFO): step:3600/3600, q_loss:71956.359375, rewards:-4272.709027777778, queue:87.75162037037038, delay:0.40574928566261576, throughput:5220
2024-08-08 16:30:06 (INFO): episode:101/200, real avg travel time:837.7119936457506
2024-08-08 16:36:25 (INFO): Test step:101/200, travel time :874.1884034948372, rewards:-5617.743055555556, queue:93.65902777777778, delay:0.40895857634367766, throughput:4833
2024-08-08 16:57:44 (INFO): step:3600/3600, q_loss:59858.05078125, rewards:-4089.353125, queue:84.72638888888889, delay:0.4050095734772859, throughput:5279
2024-08-08 16:57:44 (INFO): episode:102/200, real avg travel time:826.1181890389198
2024-08-08 17:04:34 (INFO): Test step:102/200, travel time :934.6198570293884, rewards:-5582.297222222222, queue:100.02037037037037, delay:0.42146775987413193, throughput:4755
2024-08-08 17:26:54 (INFO): step:3600/3600, q_loss:55213.98828125, rewards:-4992.042708333333, queue:88.7162037037037, delay:0.41500831886574074, throughput:5053
2024-08-08 17:26:54 (INFO): episode:103/200, real avg travel time:846.5801429706116
2024-08-08 17:32:53 (INFO): Test step:103/200, travel time :876.9639396346306, rewards:-4376.815972222223, queue:92.49953703703704, delay:0.4132955480504919, throughput:4909
2024-08-08 17:55:34 (INFO): step:3600/3600, q_loss:54135.3203125, rewards:-3202.020486111111, queue:74.12476851851852, delay:0.3994518138744213, throughput:5625
2024-08-08 17:55:34 (INFO): episode:104/200, real avg travel time:723.7202541699762
2024-08-08 18:02:59 (INFO): Test step:104/200, travel time :1101.165845909452, rewards:-7394.3069444444445, queue:121.85717592592593, delay:0.4360167044180411, throughput:4042
2024-08-08 18:26:56 (INFO): step:3600/3600, q_loss:52422.04296875, rewards:-5952.134027777778, queue:103.70601851851852, delay:0.4295121086968316, throughput:4764
2024-08-08 18:26:56 (INFO): episode:105/200, real avg travel time:917.7572676727561
2024-08-08 18:35:20 (INFO): Test step:105/200, travel time :910.1831612390787, rewards:-4873.550694444444, queue:94.95555555555555, delay:0.4050366719563802, throughput:4854
2024-08-08 18:56:36 (INFO): step:3600/3600, q_loss:52302.015625, rewards:-4312.609722222222, queue:82.09212962962962, delay:0.4037517688892506, throughput:5061
2024-08-08 18:56:36 (INFO): episode:106/200, real avg travel time:818.6625893566322
2024-08-08 19:03:38 (INFO): Test step:106/200, travel time :968.2265289912629, rewards:-5828.856944444445, queue:98.88865740740741, delay:0.4259672376844618, throughput:4580
2024-08-08 19:24:32 (INFO): step:3600/3600, q_loss:52024.890625, rewards:-5057.5413194444445, queue:89.3738425925926, delay:0.4124920597782841, throughput:5262
2024-08-08 19:24:32 (INFO): episode:107/200, real avg travel time:866.3606036536934
2024-08-08 19:31:12 (INFO): Test step:107/200, travel time :826.6020651310564, rewards:-3560.516666666667, queue:87.82152777777777, delay:0.4064038311993634, throughput:5320
2024-08-08 19:53:51 (INFO): step:3600/3600, q_loss:51732.2578125, rewards:-4022.8239583333334, queue:83.09699074074074, delay:0.40794892487702544, throughput:5558
2024-08-08 19:53:51 (INFO): episode:108/200, real avg travel time:782.1189833200954
2024-08-08 20:00:14 (INFO): Test step:108/200, travel time :873.7396346306592, rewards:-4146.020833333333, queue:93.41851851851852, delay:0.4165588096336082, throughput:5083
2024-08-08 20:22:23 (INFO): step:3600/3600, q_loss:51861.859375, rewards:-3054.376388888889, queue:80.00138888888888, delay:0.405833661114728, throughput:5618
2024-08-08 20:22:23 (INFO): episode:109/200, real avg travel time:760.6441620333599
2024-08-08 20:28:40 (INFO): Test step:109/200, travel time :851.0019062748213, rewards:-4483.703472222222, queue:94.4699074074074, delay:0.4297306767216435, throughput:5163
2024-08-08 20:51:52 (INFO): step:3600/3600, q_loss:52469.359375, rewards:-3485.1027777777776, queue:81.24791666666667, delay:0.39909659491644967, throughput:5625
2024-08-08 20:51:52 (INFO): episode:110/200, real avg travel time:766.7477362986497
2024-08-08 20:58:59 (INFO): Test step:110/200, travel time :776.6791104050834, rewards:-3919.125, queue:84.24467592592593, delay:0.4064827247902199, throughput:5585
2024-08-08 21:20:06 (INFO): step:3600/3600, q_loss:50775.28125, rewards:-3513.6399305555556, queue:78.87013888888889, delay:0.40103649563259547, throughput:5460
2024-08-08 21:20:06 (INFO): episode:111/200, real avg travel time:757.5912629070691
2024-08-08 21:26:40 (INFO): Test step:111/200, travel time :990.1796664019063, rewards:-4979.076041666666, queue:105.25856481481482, delay:0.4206342343930845, throughput:4712
2024-08-08 21:47:13 (INFO): step:3600/3600, q_loss:49356.1484375, rewards:-4214.121180555556, queue:74.54189814814815, delay:0.39914765534577545, throughput:5506
2024-08-08 21:47:13 (INFO): episode:112/200, real avg travel time:758.2179507545671
2024-08-08 21:52:54 (INFO): Test step:112/200, travel time :899.7869737887212, rewards:-4849.959027777778, queue:94.03055555555555, delay:0.4118694446705006, throughput:4914
2024-08-08 22:15:05 (INFO): step:3600/3600, q_loss:48523.93359375, rewards:-3699.0159722222224, queue:77.08425925925926, delay:0.4014807807074653, throughput:5423
2024-08-08 22:15:05 (INFO): episode:113/200, real avg travel time:766.6846703733122
2024-08-08 22:21:37 (INFO): Test step:113/200, travel time :895.4789515488483, rewards:-5137.876388888889, queue:95.05185185185185, delay:0.4175270645706742, throughput:4832
2024-08-08 22:43:33 (INFO): step:3600/3600, q_loss:47662.4296875, rewards:-3409.023611111111, queue:75.61319444444445, delay:0.39158850775824655, throughput:5517
2024-08-08 22:43:33 (INFO): episode:114/200, real avg travel time:752.269737887212
2024-08-08 22:49:27 (INFO): Test step:114/200, travel time :833.2484511517077, rewards:-4565.523611111111, queue:88.96319444444444, delay:0.41257479632342303, throughput:5054
2024-08-08 23:12:36 (INFO): step:3600/3600, q_loss:47154.33984375, rewards:-3508.9534722222224, queue:75.65555555555555, delay:0.4007186324508102, throughput:5379
2024-08-08 23:12:36 (INFO): episode:115/200, real avg travel time:757.0846703733122
2024-08-08 23:20:30 (INFO): Test step:115/200, travel time :843.0366957903098, rewards:-4108.405902777778, queue:80.98773148148148, delay:0.3997731526692708, throughput:5164
2024-08-08 23:41:26 (INFO): step:3600/3600, q_loss:47451.48828125, rewards:-4144.486111111111, queue:86.99699074074074, delay:0.4173643889250579, throughput:5227
2024-08-08 23:41:26 (INFO): episode:116/200, real avg travel time:848.5575853852264
2024-08-08 23:48:27 (INFO): Test step:116/200, travel time :966.2176330420968, rewards:-6062.40625, queue:105.73518518518519, delay:0.42613875777633103, throughput:4580
2024-08-09 00:10:35 (INFO): step:3600/3600, q_loss:45400.3125, rewards:-3825.0, queue:75.87199074074074, delay:0.4053443343551071, throughput:5422
2024-08-09 00:10:35 (INFO): episode:117/200, real avg travel time:770.3224781572677
2024-08-09 00:17:11 (INFO): Test step:117/200, travel time :922.1701350277998, rewards:-4520.215972222222, queue:102.20138888888889, delay:0.43142112449363423, throughput:4850
2024-08-09 00:38:12 (INFO): step:3600/3600, q_loss:44674.23046875, rewards:-3467.2, queue:73.16828703703703, delay:0.3984313399703414, throughput:5495
2024-08-09 00:38:12 (INFO): episode:118/200, real avg travel time:746.795552025417
2024-08-09 00:44:09 (INFO): Test step:118/200, travel time :970.0544876886418, rewards:-5815.577083333334, queue:104.11782407407408, delay:0.42226635968243637, throughput:4546
2024-08-09 01:04:19 (INFO): step:3600/3600, q_loss:44326.5390625, rewards:-3735.289583333333, queue:79.86944444444444, delay:0.4153119970251013, throughput:5275
2024-08-09 01:04:19 (INFO): episode:119/200, real avg travel time:786.6972200158856
2024-08-09 01:04:39 (INFO): step:3600/3600, q_loss:76.97148132324219, rewards:-207.26953125, queue:53.05925925925926, delay:0.3524648595739294, throughput:5235
2024-08-09 01:04:39 (INFO): episode:7/200, real avg travel time:632.697696584591
2024-08-09 01:10:10 (INFO): Test step:119/200, travel time :819.9116759332804, rewards:-5329.196875, queue:83.66828703703703, delay:0.40149490921585645, throughput:4911
2024-08-09 01:13:44 (INFO): Test step:7/200, travel time :716.3102462271644, rewards:-234.43038194444443, queue:60.327083333333334, delay:0.36345994737413195, throughput:4951
2024-08-09 01:31:12 (INFO): step:3600/3600, q_loss:44248.00390625, rewards:-3280.5572916666665, queue:66.30208333333333, delay:0.38154548362449364, throughput:5584
2024-08-09 01:31:12 (INFO): episode:120/200, real avg travel time:684.1610802223987
2024-08-09 01:40:41 (INFO): Test step:120/200, travel time :1127.5370929308976, rewards:-7187.489583333333, queue:122.57986111111111, delay:0.4498132493760851, throughput:4027
2024-08-09 02:02:59 (INFO): step:3600/3600, q_loss:43172.0625, rewards:-4612.944097222222, queue:85.59282407407407, delay:0.41474829779730904, throughput:5334
2024-08-09 02:02:59 (INFO): episode:121/200, real avg travel time:853.5580619539317
2024-08-09 02:10:26 (INFO): Test step:121/200, travel time :983.3672756155679, rewards:-5100.369791666667, queue:114.47453703703704, delay:0.4492783440483941, throughput:4594
2024-08-09 02:32:43 (INFO): step:3600/3600, q_loss:42351.03125, rewards:-4423.453472222222, queue:85.97060185185185, delay:0.4160389370388455, throughput:5202
2024-08-09 02:32:43 (INFO): episode:122/200, real avg travel time:857.6462271644162
2024-08-09 02:38:41 (INFO): Test step:122/200, travel time :807.247339158062, rewards:-4233.790625, queue:82.30740740740741, delay:0.40156574955693, throughput:5233
2024-08-09 03:00:44 (INFO): step:3600/3600, q_loss:42283.94921875, rewards:-3868.9368055555556, queue:72.88819444444445, delay:0.39241516678421584, throughput:5277
2024-08-09 03:00:45 (INFO): episode:123/200, real avg travel time:757.4382843526608
2024-08-09 03:07:48 (INFO): Test step:123/200, travel time :984.1904686258936, rewards:-6218.947222222222, queue:107.45833333333333, delay:0.4370857521339699, throughput:4435
2024-08-09 03:29:16 (INFO): step:3600/3600, q_loss:41919.78125, rewards:-4686.367708333333, queue:94.39699074074075, delay:0.42332207008644385, throughput:4884
2024-08-09 03:29:16 (INFO): episode:124/200, real avg travel time:946.6773629864972
2024-08-09 03:36:43 (INFO): Test step:124/200, travel time :897.9059571088166, rewards:-4216.093402777778, queue:100.68819444444445, delay:0.4354585435655382, throughput:5109
2024-08-09 03:56:10 (INFO): step:3600/3600, q_loss:41905.4296875, rewards:-2976.5631944444444, queue:74.41643518518518, delay:0.3950475904676649, throughput:5487
2024-08-09 03:56:10 (INFO): episode:125/200, real avg travel time:751.6112787926926
2024-08-09 04:02:17 (INFO): Test step:125/200, travel time :982.9884034948371, rewards:-5738.604166666667, queue:107.69236111111111, delay:0.4394340232566551, throughput:4429
2024-08-09 04:20:30 (INFO): step:3600/3600, q_loss:42285.60546875, rewards:-3738.690972222222, queue:79.1775462962963, delay:0.4082031532570168, throughput:5335
2024-08-09 04:20:30 (INFO): episode:126/200, real avg travel time:804.8683081810962
2024-08-09 04:26:05 (INFO): Test step:126/200, travel time :1026.8047656870533, rewards:-6705.70625, queue:111.61527777777778, delay:0.43475104437934026, throughput:4356
2024-08-09 04:46:06 (INFO): step:3600/3600, q_loss:41430.453125, rewards:-4568.420833333334, queue:83.36875, delay:0.4080692149974682, throughput:5092
2024-08-09 04:46:06 (INFO): episode:127/200, real avg travel time:858.2902303415409
2024-08-09 04:52:20 (INFO): Test step:127/200, travel time :807.8227164416203, rewards:-3634.7989583333333, queue:86.18912037037038, delay:0.41053037290219907, throughput:5400
2024-08-09 05:12:25 (INFO): step:3600/3600, q_loss:42287.8671875, rewards:-2691.4666666666667, queue:69.41296296296296, delay:0.3983151188603154, throughput:5701
2024-08-09 05:12:25 (INFO): episode:128/200, real avg travel time:696.1382049245433
2024-08-09 05:18:50 (INFO): Test step:128/200, travel time :754.1118347895155, rewards:-3305.6131944444446, queue:77.84652777777778, delay:0.4041858814380787, throughput:5312
2024-08-09 05:38:18 (INFO): step:3600/3600, q_loss:42362.77734375, rewards:-2705.653125, queue:66.30462962962963, delay:0.38632611875180844, throughput:5695
2024-08-09 05:38:18 (INFO): episode:129/200, real avg travel time:674.438602065131
2024-08-09 05:44:30 (INFO): Test step:129/200, travel time :693.8046068308181, rewards:-3615.746527777778, queue:70.90763888888888, delay:0.387114574291088, throughput:5515
2024-08-09 06:06:51 (INFO): step:3600/3600, q_loss:41187.41796875, rewards:-2172.259722222222, queue:57.05393518518518, delay:0.36626974035192417, throughput:5835
2024-08-09 06:06:51 (INFO): episode:130/200, real avg travel time:615.3326449563145
2024-08-09 06:13:31 (INFO): Test step:130/200, travel time :681.954090548054, rewards:-3288.5871527777776, queue:68.94699074074074, delay:0.38149555347583913, throughput:5695
2024-08-09 06:33:13 (INFO): step:3600/3600, q_loss:40283.94921875, rewards:-2662.3633680555554, queue:56.69166666666667, delay:0.383271817807798, throughput:5878
2024-08-09 06:33:13 (INFO): episode:131/200, real avg travel time:619.0644956314535
2024-08-09 06:39:01 (INFO): Test step:131/200, travel time :673.594122319301, rewards:-2522.9234375, queue:64.16412037037037, delay:0.37444500393337676, throughput:5597
2024-08-09 06:58:46 (INFO): step:3600/3600, q_loss:38598.89453125, rewards:-2811.1868055555556, queue:58.59282407407407, delay:0.3847638730649595, throughput:5709
2024-08-09 06:58:46 (INFO): episode:132/200, real avg travel time:645.6027005559969
2024-08-09 07:04:43 (INFO): Test step:132/200, travel time :657.6263701350279, rewards:-3558.9836805555556, queue:63.59282407407407, delay:0.3868287545663339, throughput:5462
2024-08-09 07:24:13 (INFO): step:3600/3600, q_loss:37601.76171875, rewards:-2539.1267361111113, queue:55.40439814814815, delay:0.3820398401331018, throughput:5887
2024-08-09 07:24:13 (INFO): episode:133/200, real avg travel time:609.7577442414615
2024-08-09 07:30:47 (INFO): Test step:133/200, travel time :895.9486894360604, rewards:-4630.155902777778, queue:93.44675925925925, delay:0.41997898243091725, throughput:4757
2024-08-09 07:50:37 (INFO): step:3600/3600, q_loss:36766.44921875, rewards:-2489.7765625, queue:55.332175925925924, delay:0.38692214400679975, throughput:5881
2024-08-09 07:50:37 (INFO): episode:134/200, real avg travel time:605.4630659253376
2024-08-09 07:53:50 (INFO): Test step:134/200, travel time :619.2802223987292, rewards:-2510.4473958333333, queue:57.39375, delay:0.37335199426721644, throughput:5673
2024-08-09 08:10:29 (INFO): step:3600/3600, q_loss:35967.06640625, rewards:-2254.526388888889, queue:52.35648148148148, delay:0.3709038628472222, throughput:5776
2024-08-09 08:10:29 (INFO): episode:135/200, real avg travel time:583.531850675139
2024-08-09 08:15:24 (INFO): Test step:135/200, travel time :708.6973788721207, rewards:-3829.40625, queue:75.77060185185185, delay:0.3967011063187211, throughput:5286
2024-08-09 08:31:09 (INFO): step:3600/3600, q_loss:35656.6875, rewards:-2267.123611111111, queue:55.41342592592593, delay:0.3768130832248264, throughput:5845
2024-08-09 08:31:09 (INFO): episode:136/200, real avg travel time:605.6808578236696
2024-08-09 08:35:32 (INFO): Test step:136/200, travel time :867.3315329626688, rewards:-4754.425694444444, queue:95.83287037037037, delay:0.42205273663556137, throughput:4624
2024-08-09 08:51:20 (INFO): step:3600/3600, q_loss:38828.46484375, rewards:-2093.033159722222, queue:53.8912037037037, delay:0.3798337865758825, throughput:5757
2024-08-09 08:51:20 (INFO): episode:137/200, real avg travel time:621.5177124702144
2024-08-09 08:55:31 (INFO): Test step:137/200, travel time :785.2614773629865, rewards:-4020.6961805555557, queue:82.24768518518519, delay:0.40351585105613424, throughput:5176
2024-08-09 09:11:36 (INFO): step:3600/3600, q_loss:46216.08984375, rewards:-2909.820486111111, queue:62.76412037037037, delay:0.38294974433051215, throughput:5532
2024-08-09 09:11:36 (INFO): episode:138/200, real avg travel time:654.4613185067514
2024-08-09 09:15:10 (INFO): Test step:138/200, travel time :759.9761715647339, rewards:-4093.46875, queue:74.73842592592592, delay:0.39122639408818, throughput:5170
2024-08-09 09:30:25 (INFO): step:3600/3600, q_loss:60248.359375, rewards:-2562.926388888889, queue:56.35231481481482, delay:0.38221610740379053, throughput:5819
2024-08-09 09:30:25 (INFO): episode:139/200, real avg travel time:619.1119936457505
2024-08-09 09:33:54 (INFO): Test step:139/200, travel time :669.6025416997617, rewards:-2631.0230902777776, queue:58.79768518518519, delay:0.3812642415364583, throughput:5550
2024-08-09 09:50:42 (INFO): step:3600/3600, q_loss:66262.0, rewards:-2001.2232638888888, queue:53.42800925925926, delay:0.37411013002748844, throughput:5868
2024-08-09 09:50:42 (INFO): episode:140/200, real avg travel time:594.0254169976172
2024-08-09 09:57:00 (INFO): Test step:140/200, travel time :960.9739475774425, rewards:-5889.310416666666, queue:100.55185185185185, delay:0.4253673694751881, throughput:4301
2024-08-09 10:12:53 (INFO): step:3600/3600, q_loss:39891.48046875, rewards:-2764.0664930555554, queue:68.30833333333334, delay:0.3942479451497396, throughput:5520
2024-08-09 10:12:53 (INFO): episode:141/200, real avg travel time:744.0791104050834
2024-08-09 10:17:29 (INFO): Test step:141/200, travel time :975.1809372517871, rewards:-6627.738888888889, queue:102.69097222222223, delay:0.424924808078342, throughput:4295
2024-08-09 10:33:18 (INFO): step:3600/3600, q_loss:30005.302734375, rewards:-2774.803298611111, queue:67.80416666666666, delay:0.39460680926287617, throughput:5318
2024-08-09 10:33:18 (INFO): episode:142/200, real avg travel time:737.4849880857823
2024-08-09 10:37:06 (INFO): Test step:142/200, travel time :746.2919777601271, rewards:-2937.232986111111, queue:71.84583333333333, delay:0.38744543570059314, throughput:5253
2024-08-09 10:41:50 (INFO): step:3600/3600, q_loss:72.5227279663086, rewards:-229.19581163194445, queue:57.79050925925926, delay:0.35563377097800924, throughput:4953
2024-08-09 10:41:50 (INFO): episode:8/200, real avg travel time:696.5042096902304
2024-08-09 10:47:47 (INFO): Test step:8/200, travel time :675.0277998411437, rewards:-194.00694444444446, queue:51.48587962962963, delay:0.3566378558123553, throughput:5059
2024-08-09 10:52:42 (INFO): step:3600/3600, q_loss:29204.916015625, rewards:-2635.3399305555554, queue:58.45648148148148, delay:0.37306060791015627, throughput:5514
2024-08-09 10:52:42 (INFO): episode:143/200, real avg travel time:652.8196981731533
2024-08-09 10:56:11 (INFO): Test step:143/200, travel time :668.6198570293884, rewards:-2622.0270833333334, queue:66.36435185185185, delay:0.38003068146882235, throughput:5520
2024-08-09 11:12:26 (INFO): step:3600/3600, q_loss:29086.41015625, rewards:-2986.1902777777777, queue:60.96157407407407, delay:0.38303988421404805, throughput:5589
2024-08-09 11:12:26 (INFO): episode:144/200, real avg travel time:660.0570293884035
2024-08-09 11:15:57 (INFO): Test step:144/200, travel time :661.2675138999206, rewards:-2699.749826388889, queue:61.90416666666667, delay:0.3889794808846933, throughput:5592
2024-08-09 11:32:24 (INFO): step:3600/3600, q_loss:29254.494140625, rewards:-2301.4065972222224, queue:58.32662037037037, delay:0.37036830760814526, throughput:5827
2024-08-09 11:32:24 (INFO): episode:145/200, real avg travel time:615.4036536934075
2024-08-09 11:37:24 (INFO): Test step:145/200, travel time :767.5193010325655, rewards:-3404.890625, queue:77.5511574074074, delay:0.38958395498770254, throughput:5087
2024-08-09 11:53:49 (INFO): step:3600/3600, q_loss:30004.564453125, rewards:-2636.4600694444443, queue:61.19884259259259, delay:0.3719346788194444, throughput:5600
2024-08-09 11:53:49 (INFO): episode:146/200, real avg travel time:635.3683876092136
2024-08-09 11:57:42 (INFO): Test step:146/200, travel time :702.1258141382049, rewards:-2838.046875, queue:68.19259259259259, delay:0.3768929092972367, throughput:5341
2024-08-09 12:13:17 (INFO): step:3600/3600, q_loss:30313.904296875, rewards:-1892.4699652777779, queue:50.80023148148148, delay:0.36585391009295426, throughput:5951
2024-08-09 12:13:17 (INFO): episode:147/200, real avg travel time:577.1218427323272
2024-08-09 12:16:46 (INFO): Test step:147/200, travel time :722.7687053216839, rewards:-3468.49375, queue:70.50601851851852, delay:0.39040143048321757, throughput:5077
2024-08-09 12:32:37 (INFO): step:3600/3600, q_loss:31167.833984375, rewards:-2436.7765625, queue:53.56064814814815, delay:0.365800702130353, throughput:5613
2024-08-09 12:32:37 (INFO): episode:148/200, real avg travel time:610.3828435266084
2024-08-09 12:36:32 (INFO): Test step:148/200, travel time :792.4084193804607, rewards:-4003.45, queue:82.53888888888889, delay:0.397298346625434, throughput:4977
2024-08-09 12:52:03 (INFO): step:3600/3600, q_loss:31634.859375, rewards:-2498.883333333333, queue:56.553703703703704, delay:0.3743668450249566, throughput:5728
2024-08-09 12:52:03 (INFO): episode:149/200, real avg travel time:613.3115170770453
2024-08-09 12:55:43 (INFO): Test step:149/200, travel time :701.6575059571088, rewards:-3453.303125, queue:66.13541666666667, delay:0.37804152877242475, throughput:5228
2024-08-09 13:13:09 (INFO): step:3600/3600, q_loss:32647.15234375, rewards:-2991.0930555555556, queue:57.697685185185186, delay:0.37071776213469326, throughput:5533
2024-08-09 13:13:09 (INFO): episode:150/200, real avg travel time:642.4379666401907
2024-08-09 13:17:51 (INFO): Test step:150/200, travel time :622.8289118347896, rewards:-3199.6461805555555, queue:60.364814814814814, delay:0.3754170735677083, throughput:5598
2024-08-09 13:33:39 (INFO): step:3600/3600, q_loss:32517.806640625, rewards:-2883.2828125, queue:55.89699074074074, delay:0.37543936835394964, throughput:5667
2024-08-09 13:33:39 (INFO): episode:151/200, real avg travel time:598.1671167593328
2024-08-09 13:37:21 (INFO): Test step:151/200, travel time :711.1188244638602, rewards:-3436.957638888889, queue:70.12430555555555, delay:0.38603987517180266, throughput:5228
2024-08-09 13:53:36 (INFO): step:3600/3600, q_loss:31423.33984375, rewards:-1990.3097222222223, queue:48.98726851851852, delay:0.36887885199652776, throughput:5958
2024-08-09 13:53:36 (INFO): episode:152/200, real avg travel time:564.8610007942812
2024-08-09 13:57:55 (INFO): Test step:152/200, travel time :770.8160444797459, rewards:-4616.396875, queue:79.91064814814816, delay:0.3993265505190249, throughput:5071
2024-08-09 14:13:48 (INFO): step:3600/3600, q_loss:30410.359375, rewards:-2989.45625, queue:55.53703703703704, delay:0.3755605344419126, throughput:5790
2024-08-09 14:13:48 (INFO): episode:153/200, real avg travel time:618.414773629865
2024-08-09 14:17:11 (INFO): Test step:153/200, travel time :585.1088165210484, rewards:-2322.6302083333335, queue:52.98726851851852, delay:0.36727973090277777, throughput:5914
2024-08-09 14:33:30 (INFO): step:3600/3600, q_loss:29320.775390625, rewards:-2230.753298611111, queue:48.28611111111111, delay:0.3671952141655816, throughput:5917
2024-08-09 14:33:30 (INFO): episode:154/200, real avg travel time:558.4837172359015
2024-08-09 14:37:01 (INFO): Test step:154/200, travel time :611.9709293089754, rewards:-3070.543402777778, queue:58.34814814814815, delay:0.36855440492983216, throughput:5636
2024-08-09 14:54:15 (INFO): step:3600/3600, q_loss:28971.169921875, rewards:-3371.7006944444443, queue:56.00185185185185, delay:0.36974040843822337, throughput:5624
2024-08-09 14:54:15 (INFO): episode:155/200, real avg travel time:599.7107227958697
2024-08-09 14:59:17 (INFO): Test step:155/200, travel time :655.7559968228753, rewards:-3692.6197916666665, queue:65.20231481481481, delay:0.3830545213487413, throughput:5518
2024-08-09 15:15:42 (INFO): step:3600/3600, q_loss:26812.697265625, rewards:-3244.936111111111, queue:55.68171296296296, delay:0.3729559156629774, throughput:5614
2024-08-09 15:15:42 (INFO): episode:156/200, real avg travel time:600.1742652899127
2024-08-09 15:19:01 (INFO): Test step:156/200, travel time :592.2003177124702, rewards:-2581.159375, queue:53.68981481481482, delay:0.3676629808213976, throughput:5873
2024-08-09 15:34:50 (INFO): step:3600/3600, q_loss:25903.76953125, rewards:-3240.4260416666666, queue:56.51412037037037, delay:0.3776499147768374, throughput:5583
2024-08-09 15:34:50 (INFO): episode:157/200, real avg travel time:614.8786338363781
2024-08-09 15:38:26 (INFO): Test step:157/200, travel time :691.5683876092137, rewards:-3145.280208333333, queue:67.27962962962962, delay:0.38236160278320314, throughput:5269
2024-08-09 15:54:39 (INFO): step:3600/3600, q_loss:25501.99609375, rewards:-2680.726388888889, queue:51.56388888888889, delay:0.3679418210630064, throughput:5849
2024-08-09 15:54:39 (INFO): episode:158/200, real avg travel time:587.3204130262113
2024-08-09 15:58:02 (INFO): Test step:158/200, travel time :702.2865766481334, rewards:-3234.703125, queue:72.64861111111111, delay:0.38350451434100113, throughput:5403
2024-08-09 16:13:25 (INFO): step:3600/3600, q_loss:25146.623046875, rewards:-2358.9534722222224, queue:49.089120370370374, delay:0.36086208202220776, throughput:5940
2024-08-09 16:13:25 (INFO): episode:159/200, real avg travel time:565.2298649722002
2024-08-09 16:16:24 (INFO): Test step:159/200, travel time :585.3310563939634, rewards:-2179.2131944444445, queue:53.00509259259259, delay:0.36727436206958913, throughput:5805
2024-08-09 16:33:32 (INFO): step:3600/3600, q_loss:24673.509765625, rewards:-2018.1067708333333, queue:47.11273148148148, delay:0.35801431161385994, throughput:5910
2024-08-09 16:33:32 (INFO): episode:160/200, real avg travel time:552.4427323272438
2024-08-09 16:37:59 (INFO): Test step:160/200, travel time :594.0935663224782, rewards:-2278.45625, queue:55.90949074074074, delay:0.36674363878038196, throughput:5728
2024-08-09 16:54:05 (INFO): step:3600/3600, q_loss:24548.990234375, rewards:-2082.4001736111113, queue:52.952777777777776, delay:0.3750701904296875, throughput:5916
2024-08-09 16:54:05 (INFO): episode:161/200, real avg travel time:587.7105639396347
2024-08-09 16:57:53 (INFO): Test step:161/200, travel time :702.9810961080223, rewards:-2450.6364583333334, queue:73.10277777777777, delay:0.39955919053819444, throughput:5592
2024-08-09 17:14:21 (INFO): step:3600/3600, q_loss:23895.43359375, rewards:-1741.4899305555555, queue:44.650925925925925, delay:0.3607547053584346, throughput:6031
2024-08-09 17:14:21 (INFO): episode:162/200, real avg travel time:540.3507545671167
2024-08-09 17:17:53 (INFO): Test step:162/200, travel time :549.5458300238284, rewards:-1973.1241319444443, queue:47.44861111111111, delay:0.35633920740198205, throughput:5872
2024-08-09 17:33:11 (INFO): step:3600/3600, q_loss:23993.15625, rewards:-1589.3234375, queue:39.26875, delay:0.3511346605088976, throughput:6009
2024-08-09 17:33:11 (INFO): episode:163/200, real avg travel time:503.159968228753
2024-08-09 17:37:14 (INFO): Test step:163/200, travel time :683.5413820492454, rewards:-2907.473611111111, queue:66.16597222222222, delay:0.39106897424768516, throughput:5390
2024-08-09 17:53:21 (INFO): step:3600/3600, q_loss:24106.103515625, rewards:-2082.8605902777776, queue:48.827777777777776, delay:0.36416741830331306, throughput:5823
2024-08-09 17:53:21 (INFO): episode:164/200, real avg travel time:566.9045274027005
2024-08-09 17:57:16 (INFO): Test step:164/200, travel time :611.1680698967434, rewards:-2595.5, queue:58.68101851851852, delay:0.3699451587818287, throughput:5507
2024-08-09 18:13:26 (INFO): step:3600/3600, q_loss:24210.232421875, rewards:-1907.8435763888888, queue:45.77800925925926, delay:0.36143471046730324, throughput:5802
2024-08-09 18:13:26 (INFO): episode:165/200, real avg travel time:540.1463065925337
2024-08-09 18:18:39 (INFO): Test step:165/200, travel time :829.9815726767275, rewards:-5470.076388888889, queue:86.87523148148148, delay:0.40270408347800923, throughput:4906
2024-08-09 18:34:50 (INFO): step:3600/3600, q_loss:24017.4453125, rewards:-2242.0130208333335, queue:48.561342592592595, delay:0.36999183937355323, throughput:5812
2024-08-09 18:34:50 (INFO): episode:166/200, real avg travel time:560.8077839555202
2024-08-09 18:38:29 (INFO): Test step:166/200, travel time :730.8635424940429, rewards:-2807.3005208333334, queue:72.49189814814815, delay:0.3770841810438368, throughput:5474
2024-08-09 18:53:17 (INFO): step:3600/3600, q_loss:23694.697265625, rewards:-1534.7866319444445, queue:43.43726851851852, delay:0.3521910490813079, throughput:5972
2024-08-09 18:53:17 (INFO): episode:167/200, real avg travel time:525.6146147736299
2024-08-09 18:56:31 (INFO): Test step:167/200, travel time :569.1308975377284, rewards:-2539.9866319444445, queue:52.161574074074075, delay:0.35898943300600406, throughput:5656
2024-08-09 19:12:14 (INFO): step:3600/3600, q_loss:23480.26953125, rewards:-1478.8131944444444, queue:40.607638888888886, delay:0.35122689141167535, throughput:6024
2024-08-09 19:12:14 (INFO): episode:168/200, real avg travel time:508.75901509134235
2024-08-09 19:15:54 (INFO): Test step:168/200, travel time :625.7785544082606, rewards:-2702.506423611111, queue:61.46574074074074, delay:0.37267902515552664, throughput:5606
2024-08-09 19:31:19 (INFO): step:3600/3600, q_loss:23342.025390625, rewards:-1978.7368055555555, queue:46.50023148148148, delay:0.3638639944571036, throughput:5885
2024-08-09 19:31:19 (INFO): episode:169/200, real avg travel time:543.8792692613185
2024-08-09 19:34:32 (INFO): Test step:169/200, travel time :560.9918983320096, rewards:-2400.9527777777776, queue:50.14537037037037, delay:0.3630685594346788, throughput:5757
2024-08-09 19:49:48 (INFO): step:3600/3600, q_loss:57.97541046142578, rewards:-140.82253689236111, queue:38.520833333333336, delay:0.34513479162145544, throughput:5605
2024-08-09 19:49:48 (INFO): episode:9/200, real avg travel time:563.9658459094519
2024-08-09 19:50:58 (INFO): step:3600/3600, q_loss:23839.650390625, rewards:-1491.6263888888889, queue:38.62824074074074, delay:0.35331045080114293, throughput:6033
2024-08-09 19:50:58 (INFO): episode:170/200, real avg travel time:497.6198570293884
2024-08-09 19:54:47 (INFO): Test step:170/200, travel time :533.7672756155679, rewards:-1728.5496527777777, queue:45.55740740740741, delay:0.35189268324110246, throughput:5897
2024-08-09 19:55:21 (INFO): Test step:9/200, travel time :543.1523431294678, rewards:-150.38611111111112, queue:41.75972222222222, delay:0.34775031760886865, throughput:5705
2024-08-09 20:09:48 (INFO): step:3600/3600, q_loss:24151.330078125, rewards:-1995.7631944444445, queue:51.67986111111111, delay:0.36928668551974825, throughput:5791
2024-08-09 20:09:48 (INFO): episode:171/200, real avg travel time:597.497855440826
2024-08-09 20:12:41 (INFO): Test step:171/200, travel time :536.151072279587, rewards:-1800.549826388889, queue:44.512962962962966, delay:0.3621256227846499, throughput:5962
2024-08-09 20:28:10 (INFO): step:3600/3600, q_loss:24888.49609375, rewards:-1564.5730902777777, queue:38.86666666666667, delay:0.34949846620912906, throughput:6009
2024-08-09 20:28:10 (INFO): episode:172/200, real avg travel time:495.7652104845115
2024-08-09 20:31:25 (INFO): Test step:172/200, travel time :676.1531374106434, rewards:-3308.8503472222224, queue:59.35949074074074, delay:0.3646989045319734, throughput:5445
2024-08-09 20:46:16 (INFO): step:3600/3600, q_loss:24866.29296875, rewards:-2063.5102430555557, queue:45.92106481481481, delay:0.3530180471914786, throughput:5862
2024-08-09 20:46:16 (INFO): episode:173/200, real avg travel time:537.429706115965
2024-08-09 20:49:40 (INFO): Test step:173/200, travel time :583.0664019062748, rewards:-1940.8402777777778, queue:54.467592592592595, delay:0.3657035545066551, throughput:5857
2024-08-09 21:06:17 (INFO): step:3600/3600, q_loss:25121.947265625, rewards:-1525.8569444444445, queue:39.24675925925926, delay:0.34321876808449076, throughput:6027
2024-08-09 21:06:17 (INFO): episode:174/200, real avg travel time:500.89785544082605
2024-08-09 21:09:04 (INFO): Test step:174/200, travel time :515.3491660047657, rewards:-1307.1161458333333, queue:42.57453703703704, delay:0.35071809556749134, throughput:6032
2024-08-09 21:24:53 (INFO): step:3600/3600, q_loss:25694.494140625, rewards:-1338.419704861111, queue:38.298611111111114, delay:0.35441193757233797, throughput:6077
2024-08-09 21:24:53 (INFO): episode:175/200, real avg travel time:494.19507545671166
2024-08-09 21:28:44 (INFO): Test step:175/200, travel time :557.4719618745036, rewards:-1797.1569444444444, queue:48.885416666666664, delay:0.36296813399703415, throughput:5827
2024-08-09 21:44:37 (INFO): step:3600/3600, q_loss:25753.189453125, rewards:-1872.6866319444443, queue:44.94722222222222, delay:0.35731729578088833, throughput:5899
2024-08-09 21:44:37 (INFO): episode:176/200, real avg travel time:530.0446386020651
2024-08-09 21:48:14 (INFO): Test step:176/200, travel time :579.6359015091342, rewards:-1981.8199652777778, queue:53.41388888888889, delay:0.3648854290997541, throughput:5797
2024-08-09 22:02:26 (INFO): step:3600/3600, q_loss:26455.677734375, rewards:-1389.4099826388888, queue:40.09537037037037, delay:0.35846323083948206, throughput:6056
2024-08-09 22:02:26 (INFO): episode:177/200, real avg travel time:508.5714058776807
2024-08-09 22:05:45 (INFO): Test step:177/200, travel time :579.4274821286735, rewards:-1976.246875, queue:53.69467592592593, delay:0.3627165335196036, throughput:5828
2024-08-09 22:20:45 (INFO): step:3600/3600, q_loss:26049.14453125, rewards:-1451.4, queue:40.361805555555556, delay:0.35557776557074655, throughput:5958
2024-08-09 22:20:45 (INFO): episode:178/200, real avg travel time:501.2745035742653
2024-08-09 22:24:11 (INFO): Test step:178/200, travel time :608.5977760127086, rewards:-2028.3901041666666, queue:58.11226851851852, delay:0.37216901425962096, throughput:5641
2024-08-09 22:39:30 (INFO): step:3600/3600, q_loss:25987.529296875, rewards:-2159.7536458333334, queue:48.46921296296296, delay:0.3573581271701389, throughput:5771
2024-08-09 22:39:30 (INFO): episode:179/200, real avg travel time:551.0965845909452
2024-08-09 22:42:44 (INFO): Test step:179/200, travel time :595.4827640984909, rewards:-2144.656423611111, queue:57.10787037037037, delay:0.3744765952781395, throughput:5631
2024-08-09 22:59:04 (INFO): step:3600/3600, q_loss:26331.37109375, rewards:-1196.990017361111, queue:38.33958333333333, delay:0.35274138274016203, throughput:6069
2024-08-09 22:59:04 (INFO): episode:180/200, real avg travel time:495.98951548848294
2024-08-09 23:03:23 (INFO): Test step:180/200, travel time :603.0452740270056, rewards:-2937.94375, queue:58.5099537037037, delay:0.36699043556495947, throughput:5472
2024-08-09 23:18:20 (INFO): step:3600/3600, q_loss:25804.255859375, rewards:-2361.082986111111, queue:51.04976851851852, delay:0.36455428512008103, throughput:5683
2024-08-09 23:18:20 (INFO): episode:181/200, real avg travel time:563.5915806195393
2024-08-09 23:21:26 (INFO): Test step:181/200, travel time :602.8570293884035, rewards:-2765.8239583333334, queue:58.251157407407405, delay:0.36958276254159433, throughput:5420
2024-08-09 23:37:14 (INFO): step:3600/3600, q_loss:25854.81640625, rewards:-1896.2536458333334, queue:45.92800925925926, delay:0.35854387636537904, throughput:5956
2024-08-09 23:37:14 (INFO): episode:182/200, real avg travel time:543.5795075456712
2024-08-09 23:40:25 (INFO): Test step:182/200, travel time :549.4625893566323, rewards:-2028.2564236111111, queue:48.33680555555556, delay:0.355372393572772, throughput:5810
2024-08-09 23:55:59 (INFO): step:3600/3600, q_loss:26301.72265625, rewards:-1284.26015625, queue:39.15138888888889, delay:0.3460260179307726, throughput:6090
2024-08-09 23:55:59 (INFO): episode:183/200, real avg travel time:502.07370929308973
2024-08-09 23:59:34 (INFO): Test step:183/200, travel time :536.5459888800635, rewards:-1873.9538194444444, queue:46.30949074074074, delay:0.35322389955873845, throughput:5870
2024-08-10 00:15:02 (INFO): step:3600/3600, q_loss:26347.111328125, rewards:-1260.7931423611112, queue:37.55393518518518, delay:0.34795074462890624, throughput:6096
2024-08-10 00:15:02 (INFO): episode:184/200, real avg travel time:491.2239872915012
2024-08-10 00:18:31 (INFO): Test step:184/200, travel time :589.5302621127879, rewards:-1796.6230902777777, queue:55.62800925925926, delay:0.3652940255624277, throughput:5804
2024-08-10 00:34:24 (INFO): step:3600/3600, q_loss:26196.91015625, rewards:-1907.3864583333334, queue:46.386805555555554, delay:0.3615183512369792, throughput:5853
2024-08-10 00:34:24 (INFO): episode:185/200, real avg travel time:541.7664813343923
2024-08-10 00:39:39 (INFO): Test step:185/200, travel time :789.2905480540111, rewards:-3256.255902777778, queue:84.64837962962963, delay:0.4166827166521991, throughput:5158
2024-08-10 00:54:50 (INFO): step:3600/3600, q_loss:25735.244140625, rewards:-1395.7668402777779, queue:41.37824074074074, delay:0.35743529708297167, throughput:6058
2024-08-10 00:54:50 (INFO): episode:186/200, real avg travel time:519.9092930897538
2024-08-10 00:58:30 (INFO): Test step:186/200, travel time :531.3102462271644, rewards:-1525.5001736111112, queue:45.40254629629629, delay:0.35817192925347224, throughput:5964
2024-08-10 01:13:42 (INFO): step:3600/3600, q_loss:25307.5625, rewards:-1158.053125, queue:36.55486111111111, delay:0.3464573895489728, throughput:6092
2024-08-10 01:13:42 (INFO): episode:187/200, real avg travel time:481.0352660841938
2024-08-10 01:17:03 (INFO): Test step:187/200, travel time :563.0233518665608, rewards:-1899.8789930555556, queue:50.177314814814814, delay:0.36122015493887444, throughput:5844
2024-08-10 01:31:45 (INFO): step:3600/3600, q_loss:24604.54296875, rewards:-1506.7565972222221, queue:44.65810185185185, delay:0.35204363222475404, throughput:6029
2024-08-10 01:31:45 (INFO): episode:188/200, real avg travel time:536.6528991262907
2024-08-10 01:34:38 (INFO): Test step:188/200, travel time :521.4872120730739, rewards:-1349.8402777777778, queue:43.63634259259259, delay:0.34887929845739296, throughput:5964
2024-08-10 01:49:25 (INFO): step:3600/3600, q_loss:24862.482421875, rewards:-1147.7903645833333, queue:38.81087962962963, delay:0.35579958315248844, throughput:6060
2024-08-10 01:49:25 (INFO): episode:189/200, real avg travel time:500.0228752978554
2024-08-10 01:53:11 (INFO): Test step:189/200, travel time :687.4559173947578, rewards:-2020.482638888889, queue:68.47222222222223, delay:0.38611667774341724, throughput:5675
2024-08-10 02:08:19 (INFO): step:3600/3600, q_loss:24859.64453125, rewards:-1074.8335069444445, queue:40.985416666666666, delay:0.34412570529513886, throughput:6071
2024-08-10 02:08:19 (INFO): episode:190/200, real avg travel time:510.75218427323273
2024-08-10 02:12:30 (INFO): Test step:190/200, travel time :610.5922160444798, rewards:-2070.4328125, queue:59.24351851851852, delay:0.3685105217827691, throughput:5765
2024-08-10 02:26:41 (INFO): step:3600/3600, q_loss:24871.099609375, rewards:-1253.6997395833334, queue:41.21527777777778, delay:0.3388291252983941, throughput:6077
2024-08-10 02:26:41 (INFO): episode:191/200, real avg travel time:511.321525019857
2024-08-10 02:30:02 (INFO): Test step:191/200, travel time :560.2166799046862, rewards:-1442.0600694444445, queue:49.922222222222224, delay:0.3547742772985388, throughput:5974
2024-08-10 02:45:02 (INFO): step:3600/3600, q_loss:25267.87890625, rewards:-2116.5796875, queue:66.97962962962963, delay:0.38273182621708624, throughput:5576
2024-08-10 02:45:02 (INFO): episode:192/200, real avg travel time:661.1613979348689
2024-08-10 02:48:12 (INFO): Test step:192/200, travel time :598.3799841143765, rewards:-1620.0371527777777, queue:56.201388888888886, delay:0.3674718221028646, throughput:5816
2024-08-10 03:03:23 (INFO): step:3600/3600, q_loss:27258.103515625, rewards:-1532.2699652777778, queue:45.33680555555556, delay:0.3542112562391493, throughput:6038
2024-08-10 03:03:23 (INFO): episode:193/200, real avg travel time:537.5043685464655
2024-08-10 03:06:22 (INFO): Test step:193/200, travel time :520.7385226370135, rewards:-1249.3430555555556, queue:43.94236111111111, delay:0.3479585153085214, throughput:6057
2024-08-10 03:20:30 (INFO): step:3600/3600, q_loss:27502.400390625, rewards:-1246.7899305555557, queue:43.10648148148148, delay:0.3527829205548322, throughput:6057
2024-08-10 03:20:30 (INFO): episode:194/200, real avg travel time:518.7350277998412
2024-08-10 03:23:33 (INFO): Test step:194/200, travel time :595.2864177918983, rewards:-1719.6967013888889, queue:56.50416666666667, delay:0.3655411614312066, throughput:5927
2024-08-10 03:39:39 (INFO): step:3600/3600, q_loss:28616.455078125, rewards:-1325.5138020833333, queue:44.54050925925926, delay:0.3578097590693721, throughput:6047
2024-08-10 03:39:39 (INFO): episode:195/200, real avg travel time:529.3752184273233
2024-08-10 03:45:09 (INFO): Test step:195/200, travel time :863.8300238284353, rewards:-4528.593402777778, queue:94.10902777777778, delay:0.4241850676359954, throughput:4674
2024-08-10 04:00:03 (INFO): step:3600/3600, q_loss:29341.427734375, rewards:-3307.7541666666666, queue:76.71666666666667, delay:0.3976795337818287, throughput:5141
2024-08-10 04:00:03 (INFO): episode:196/200, real avg travel time:758.0884829229548
2024-08-10 04:03:32 (INFO): Test step:196/200, travel time :633.1972994440032, rewards:-2014.9802083333334, queue:59.78611111111111, delay:0.37066192626953126, throughput:5802
2024-08-10 04:18:32 (INFO): step:3600/3600, q_loss:32120.517578125, rewards:-2350.1628472222224, queue:59.37546296296296, delay:0.3825074937608507, throughput:5946
2024-08-10 04:18:32 (INFO): episode:197/200, real avg travel time:633.2260524225576
2024-08-10 04:21:39 (INFO): Test step:197/200, travel time :568.5915806195393, rewards:-1735.5567708333333, queue:50.03125, delay:0.3695307131166811, throughput:6006
2024-08-10 04:26:32 (INFO): step:3600/3600, q_loss:55.38660430908203, rewards:-119.21381293402777, queue:29.858796296296298, delay:0.33441487065068, throughput:5756
2024-08-10 04:26:32 (INFO): episode:10/200, real avg travel time:461.80492454328834
2024-08-10 04:32:25 (INFO): Test step:10/200, travel time :562.7528196981732, rewards:-149.80387369791666, queue:39.3650462962963, delay:0.34143026846426505, throughput:5470
2024-08-10 04:35:34 (INFO): step:3600/3600, q_loss:32798.5546875, rewards:-1969.9131944444443, queue:48.572685185185186, delay:0.3601573802806713, throughput:5939
2024-08-10 04:35:34 (INFO): episode:198/200, real avg travel time:550.6961080222399
2024-08-10 04:39:07 (INFO): Test step:198/200, travel time :611.5944400317712, rewards:-2454.800347222222, queue:58.223379629629626, delay:0.37351885195131657, throughput:5764
2024-08-10 04:54:11 (INFO): step:3600/3600, q_loss:33407.87109375, rewards:-1542.7333333333333, queue:43.046527777777776, delay:0.36034859551323783, throughput:6003
2024-08-10 04:54:11 (INFO): episode:199/200, real avg travel time:519.7080222398729
2024-08-10 04:57:51 (INFO): Test step:199/200, travel time :558.985226370135, rewards:-2319.1397569444443, queue:50.740972222222226, delay:0.35988523695203994, throughput:5722
2024-08-10 05:01:48 (INFO): Final Travel Time is 558.9852, mean rewards: -2319.1398, queue: 50.7410, delay: 0.3599, throughput: 5722
2024-08-10 05:01:48 (INFO): Total time taken: 316410.7536959648
2024-08-10 13:13:07 (INFO): step:3600/3600, q_loss:57.968990325927734, rewards:-137.11192491319446, queue:35.472685185185185, delay:0.3342457524052373, throughput:5652
2024-08-10 13:13:07 (INFO): episode:11/200, real avg travel time:520.7331215250199
2024-08-10 13:20:39 (INFO): Test step:11/200, travel time :569.2351072279587, rewards:-153.75668402777777, queue:40.772453703703704, delay:0.3382179542824074, throughput:5404
2024-08-10 22:31:33 (INFO): step:3600/3600, q_loss:61.368316650390625, rewards:-135.1046657986111, queue:32.5099537037037, delay:0.32739300198025173, throughput:5719
2024-08-10 22:31:33 (INFO): episode:12/200, real avg travel time:520.1316918189038
2024-08-10 22:38:07 (INFO): Test step:12/200, travel time :509.70897537728354, rewards:-144.47737630208334, queue:32.83449074074074, delay:0.3316690798158999, throughput:5541
2024-08-11 08:12:12 (INFO): step:3600/3600, q_loss:61.99710464477539, rewards:-141.02907986111111, queue:32.771064814814814, delay:0.3311271667480469, throughput:5700
2024-08-11 08:12:12 (INFO): episode:13/200, real avg travel time:496.47529785544083
2024-08-11 08:21:18 (INFO): Test step:13/200, travel time :524.7844320889595, rewards:-163.60286458333334, queue:37.15578703703704, delay:0.33628607855902776, throughput:5578
2024-08-11 17:53:13 (INFO): step:3600/3600, q_loss:62.214908599853516, rewards:-127.37757161458333, queue:30.068055555555556, delay:0.3258618672688802, throughput:5735
2024-08-11 17:53:13 (INFO): episode:14/200, real avg travel time:486.11119936457504
2024-08-11 18:00:41 (INFO): Test step:14/200, travel time :464.7728355837967, rewards:-122.76318359375, queue:28.33449074074074, delay:0.3252324704770689, throughput:5852
2024-08-12 02:51:54 (INFO): step:3600/3600, q_loss:63.86607360839844, rewards:-108.79157986111112, queue:24.776157407407407, delay:0.3200614364058883, throughput:5732
2024-08-12 02:51:54 (INFO): episode:15/200, real avg travel time:446.61652104845115
2024-08-12 02:58:56 (INFO): Test step:15/200, travel time :478.9904686258936, rewards:-113.25516493055555, queue:26.40138888888889, delay:0.3221046730324074, throughput:5711
2024-08-12 10:52:12 (INFO): step:3600/3600, q_loss:61.403934478759766, rewards:-103.0889865451389, queue:24.39699074074074, delay:0.3243970800329138, throughput:5879
2024-08-12 10:52:12 (INFO): episode:16/200, real avg travel time:435.17474185861795
2024-08-12 10:58:22 (INFO): Test step:16/200, travel time :459.0152501985703, rewards:-119.04069010416667, queue:29.45486111111111, delay:0.33344127513744215, throughput:5769

Traceback (most recent call last):
  File "/home/data/panghu/new/LibSignal/run.py", line 82, in <module>
    test = Runner(args)
  File "/home/data/panghu/new/LibSignal/run.py", line 44, in __init__
    self.config_registry()
  File "/home/data/panghu/new/LibSignal/run.py", line 53, in config_registry
    interface.World_param_Interface(self.config)
  File "/home/data/panghu/new/LibSignal/common/interface.py", line 44, in __init__
    other_world_settings = modify_config_file(path, config)
  File "/home/data/panghu/new/LibSignal/utils/logger.py", line 17, in modify_config_file
    assert(os.path.exists(path)), AssertionError(f"Simulator configuration at {path} not exists")
AssertionError: Simulator configuration at /home/data/panghu/new/LibSignal/configs/sim/cityflow1x3_syn3.cfg not exists
